<testsuites id="" name="" tests="8" failures="1" skipped="0" errors="0" time="384.41023803710937">
<testsuite name="layers/ui/authentication/Authentication.setup.ts" timestamp="2026-09-01T09:56:54.187Z" hostname="setup-auth-state" tests="1" failures="0" skipped="0" time="13.954" errors="0">
<testcase name="Authenticates the user with valid credentials" classname="layers/ui/authentication/Authentication.setup.ts" time="13.954">
<system-out>
<![CDATA[2026-09-01T11:50:13+02:00 [[32minfo[39m]: Navigated to https://opensource-demo.orangehrmlive.com/web/index.php/auth/login
2026-09-01T11:50:15+02:00 [[32minfo[39m]: OrangeHRM Logo state is visible
2026-09-01T11:50:15+02:00 [[32minfo[39m]: Login Header state is visible
2026-09-01T11:50:15+02:00 [[32minfo[39m]: Username Input filled successfully with value: ********
2026-09-01T11:50:15+02:00 [[32minfo[39m]: Password Input filled successfully with value: ********
2026-09-01T11:50:15+02:00 [[32minfo[39m]: Clicked on Login Button
2026-09-01T11:50:20+02:00 [[32minfo[39m]: Invalid Credentials Alert state is hidden
2026-09-01T11:50:20+02:00 [[32minfo[39m]: Authentication session state created successfully
2026-09-01T11:50:21+02:00 [[32minfo[39m]: Dashboard header state is visible
2026-09-01T11:50:21+02:00 [[32minfo[39m]: Upgrade button state is visible
2026-09-01T11:50:21+02:00 [[32minfo[39m]: User dropdown selector state is visible

[[ATTACHMENT|../all-blob-reports/resources/8d3f393f59a7ef64557578574bb070cda3921d27.png]]
]]>
</system-out>
</testcase>
</testsuite>
<testsuite name="layers/ui/login/Footer.spec.ts" timestamp="2026-09-01T09:56:54.187Z" hostname="chromium" tests="1" failures="0" skipped="0" time="3.92" errors="0">
<testcase name="Login | Footer › Should display complete footer with all elements" classname="layers/ui/login/Footer.spec.ts" time="3.92">
<system-out>
<![CDATA[2026-09-01T11:50:26+02:00 [[32minfo[39m]: Navigated to https://opensource-demo.orangehrmlive.com/web/index.php/auth/login
2026-09-01T11:50:26+02:00 [[32minfo[39m]: Footer Version Text state is visible
2026-09-01T11:50:26+02:00 [[32minfo[39m]: Footer Copyright Year state is visible
2026-09-01T11:50:26+02:00 [[32minfo[39m]: Footer Copyright Owner Link state is visible
2026-09-01T11:50:26+02:00 [[32minfo[39m]: Footer Rights Text state is visible
2026-09-01T11:50:26+02:00 [[32minfo[39m]: Footer Social Media Icons count is 4
2026-09-01T11:50:26+02:00 [[32minfo[39m]: Footer LinkedIn Icon state is visible
2026-09-01T11:50:26+02:00 [[32minfo[39m]: Footer Facebook Icon state is visible
2026-09-01T11:50:26+02:00 [[32minfo[39m]: Footer Twitter Icon state is visible
2026-09-01T11:50:26+02:00 [[32minfo[39m]: Footer YouTube Icon state is visible
2026-09-01T11:50:26+02:00 [[32minfo[39m]: Assertion Passed: Complete footer with all elements is displayed

[[ATTACHMENT|../all-blob-reports/resources/3a4853fbea3f233a47e52ba519c266b7534f028f.png]]
]]>
</system-out>
</testcase>
</testsuite>
<testsuite name="layers/ui/authentication/Authentication.setup.ts" timestamp="2026-09-01T09:56:54.187Z" hostname="setup-auth-state" tests="1" failures="0" skipped="0" time="10.282" errors="0">
<testcase name="Authenticates the user with valid credentials" classname="layers/ui/authentication/Authentication.setup.ts" time="10.282">
<system-out>
<![CDATA[2026-09-01T11:51:13+02:00 [[32minfo[39m]: Navigated to https://opensource-demo.orangehrmlive.com/web/index.php/auth/login
2026-09-01T11:51:14+02:00 [[32minfo[39m]: OrangeHRM Logo state is visible
2026-09-01T11:51:14+02:00 [[32minfo[39m]: Login Header state is visible
2026-09-01T11:51:14+02:00 [[32minfo[39m]: Username Input filled successfully with value: ********
2026-09-01T11:51:15+02:00 [[32minfo[39m]: Password Input filled successfully with value: ********
2026-09-01T11:51:15+02:00 [[32minfo[39m]: Clicked on Login Button
2026-09-01T11:51:15+02:00 [[32minfo[39m]: Invalid Credentials Alert state is hidden
2026-09-01T11:51:15+02:00 [[32minfo[39m]: Authentication session state created successfully
2026-09-01T11:51:19+02:00 [[32minfo[39m]: Dashboard header state is visible
2026-09-01T11:51:19+02:00 [[32minfo[39m]: Upgrade button state is visible
2026-09-01T11:51:19+02:00 [[32minfo[39m]: User dropdown selector state is visible

[[ATTACHMENT|../all-blob-reports/resources/bd5a63c02f4246891925a11fb05713143ef7472d.png]]
]]>
</system-out>
</testcase>
</testsuite>
<testsuite name="layers/ui/login/ValidLogin.spec.ts" timestamp="2026-09-01T09:56:54.187Z" hostname="chromium" tests="1" failures="0" skipped="0" time="6.571" errors="0">
<testcase name="Login | Valid Credentials › Should navigate to Dashboard on successful login" classname="layers/ui/login/ValidLogin.spec.ts" time="6.571">
<system-out>
<![CDATA[2026-09-01T11:51:24+02:00 [[32minfo[39m]: Navigated to https://opensource-demo.orangehrmlive.com/web/index.php/auth/login
2026-09-01T11:51:24+02:00 [[32minfo[39m]: Checked if URL contains: /auth/login
2026-09-01T11:51:24+02:00 [[33mwarn[39m]: Authentication session is stale; re-authenticating
2026-09-01T11:51:24+02:00 [[32minfo[39m]: Navigated to https://opensource-demo.orangehrmlive.com/web/index.php/auth/login
2026-09-01T11:51:25+02:00 [[32minfo[39m]: OrangeHRM Logo state is visible
2026-09-01T11:51:25+02:00 [[32minfo[39m]: Login Header state is visible
2026-09-01T11:51:25+02:00 [[32minfo[39m]: Username Input filled successfully with value: ********
2026-09-01T11:51:25+02:00 [[32minfo[39m]: Password Input filled successfully with value: ********
2026-09-01T11:51:25+02:00 [[32minfo[39m]: Clicked on Login Button
2026-09-01T11:51:25+02:00 [[32minfo[39m]: Invalid Credentials Alert state is hidden
2026-09-01T11:51:25+02:00 [[32minfo[39m]: Authentication session state created successfully
2026-09-01T11:51:27+02:00 [[32minfo[39m]: Dashboard menu item state is visible
2026-09-01T11:51:27+02:00 [[32minfo[39m]: Assertion Passed: User successfully logged in and Dashboard is Visible

[[ATTACHMENT|../all-blob-reports/resources/26b52ba2d111661fd47f8f225068f8d72b55e513.png]]
]]>
</system-out>
</testcase>
</testsuite>
<testsuite name="layers/ui/authentication/Authentication.setup.ts" timestamp="2026-09-01T09:56:54.187Z" hostname="setup-auth-state" tests="1" failures="0" skipped="0" time="8.62" errors="0">
<testcase name="Authenticates the user with valid credentials" classname="layers/ui/authentication/Authentication.setup.ts" time="8.62">
<system-out>
<![CDATA[2026-09-01T11:50:21+02:00 [[32minfo[39m]: Navigated to https://opensource-demo.orangehrmlive.com/web/index.php/auth/login
2026-09-01T11:50:22+02:00 [[32minfo[39m]: OrangeHRM Logo state is visible
2026-09-01T11:50:22+02:00 [[32minfo[39m]: Login Header state is visible
2026-09-01T11:50:22+02:00 [[32minfo[39m]: Username Input filled successfully with value: ********
2026-09-01T11:50:22+02:00 [[32minfo[39m]: Password Input filled successfully with value: ********
2026-09-01T11:50:25+02:00 [[32minfo[39m]: Clicked on Login Button
2026-09-01T11:50:25+02:00 [[32minfo[39m]: Invalid Credentials Alert state is hidden
2026-09-01T11:50:25+02:00 [[32minfo[39m]: Authentication session state created successfully
2026-09-01T11:50:26+02:00 [[32minfo[39m]: Dashboard header state is visible
2026-09-01T11:50:26+02:00 [[32minfo[39m]: Upgrade button state is visible
2026-09-01T11:50:26+02:00 [[32minfo[39m]: User dropdown selector state is visible

[[ATTACHMENT|../all-blob-reports/resources/ffcbb981601c62a16b5114a9d2d4e33486c235ec.png]]
]]>
</system-out>
</testcase>
</testsuite>
<testsuite name="layers/ui/login/ValidLogin.spec.ts" timestamp="2026-09-01T09:56:54.187Z" hostname="chromium" tests="1" failures="0" skipped="0" time="2.787" errors="0">
<testcase name="Login | Page Title › Should display page title correctly" classname="layers/ui/login/ValidLogin.spec.ts" time="2.787">
<system-out>
<![CDATA[2026-09-01T11:50:29+02:00 [[32minfo[39m]: Navigated to https://opensource-demo.orangehrmlive.com/web/index.php/auth/login
2026-09-01T11:50:29+02:00 [[32minfo[39m]: Retrieved page title
2026-09-01T11:50:29+02:00 [[32minfo[39m]: Verified: Page title 'OrangeHRM' matches expected 'OrangeHRM'
2026-09-01T11:50:29+02:00 [[32minfo[39m]: Assertion Passed: Page title is correctly displayed as "OrangeHRM"

[[ATTACHMENT|../all-blob-reports/resources/6c3519ac9b425f60d88b4b45a5639191c905b21e.png]]
]]>
</system-out>
</testcase>
</testsuite>
<testsuite name="layers/ui/authentication/Authentication.setup.ts" timestamp="2026-09-01T09:56:54.187Z" hostname="setup-auth-state" tests="1" failures="0" skipped="0" time="10.153" errors="0">
<testcase name="Authenticates the user with valid credentials" classname="layers/ui/authentication/Authentication.setup.ts" time="10.153">
<system-out>
<![CDATA[2026-09-01T11:51:08+02:00 [[32minfo[39m]: Navigated to https://opensource-demo.orangehrmlive.com/web/index.php/auth/login
2026-09-01T11:51:09+02:00 [[32minfo[39m]: OrangeHRM Logo state is visible
2026-09-01T11:51:09+02:00 [[32minfo[39m]: Login Header state is visible
2026-09-01T11:51:09+02:00 [[32minfo[39m]: Username Input filled successfully with value: ********
2026-09-01T11:51:09+02:00 [[32minfo[39m]: Password Input filled successfully with value: ********
2026-09-01T11:51:10+02:00 [[32minfo[39m]: Clicked on Login Button
2026-09-01T11:51:10+02:00 [[32minfo[39m]: Invalid Credentials Alert state is hidden
2026-09-01T11:51:10+02:00 [[32minfo[39m]: Authentication session state created successfully
2026-09-01T11:51:14+02:00 [[32minfo[39m]: Dashboard header state is visible
2026-09-01T11:51:14+02:00 [[32minfo[39m]: Upgrade button state is visible
2026-09-01T11:51:14+02:00 [[32minfo[39m]: User dropdown selector state is visible

[[ATTACHMENT|../all-blob-reports/resources/73fe91198b7cce5cff2475189a52fd05215421ea.png]]
]]>
</system-out>
</testcase>
</testsuite>
<testsuite name="layers/ui/menuItems/Dashboard.spec.ts" timestamp="2026-09-01T09:56:54.187Z" hostname="chromium" tests="1" failures="1" skipped="0" time="313.456" errors="0">
<testcase name="Dashboard | Default Landing Page › Should load the Dashboard as the default page after successful login" classname="layers/ui/menuItems/Dashboard.spec.ts" time="313.456">
<system-out>
<![CDATA[2026-09-01T11:51:18+02:00 [[32minfo[39m]: Navigated to https://opensource-demo.orangehrmlive.com/web/index.php/auth/login

[[ATTACHMENT|../all-blob-reports/resources/32f06f512cbd0e7422d18d041337213bccfad1a5.png]]

[[ATTACHMENT|../all-blob-reports/resources/4a6d101422c8c5a4df3b1b9c6a2d271f677ba6d8.webm]]

[[ATTACHMENT|../all-blob-reports/resources/b2d86bcc7325e94b16477e0ba1f09654b15607d7.markdown]]

[[ATTACHMENT|../all-blob-reports/resources/5223f99b6b8804c16075c467939b20cc326bb4c7.zip]]
2026-09-01T11:53:05+02:00 [[32minfo[39m]: Navigated to https://opensource-demo.orangehrmlive.com/web/index.php/auth/login

[[ATTACHMENT|../all-blob-reports/resources/6daf4b1bd888bf6b78a933822e1c1755ca495638.png]]

[[ATTACHMENT|../all-blob-reports/resources/775ad1c3163f36134dd4fb66dd48a9b37e5a090c.webm]]

[[ATTACHMENT|../all-blob-reports/resources/45834a19627028f0b189e636a8982a2c704ef5ec.markdown]]

[[ATTACHMENT|../all-blob-reports/resources/37d2761e1df16f6204412bd60185fb275862f2cc.zip]]
2026-09-01T11:54:50+02:00 [[32minfo[39m]: Navigated to https://opensource-demo.orangehrmlive.com/web/index.php/auth/login

[[ATTACHMENT|../all-blob-reports/resources/07b8b450aec591cf0dcf74e73060f388bbd7c724.png]]

[[ATTACHMENT|../all-blob-reports/resources/116909115e21eec8f030a71559296ad9a0aa3906.webm]]

[[ATTACHMENT|../all-blob-reports/resources/c44464bd6027c29b98963770281807d5b6780343.markdown]]

[[ATTACHMENT|../all-blob-reports/resources/077280fbb42250d99f11339d9895161096632279.zip]]
]]>
</system-out>
<failure message="expect(page).toHaveURL(expected) failed" type="expect.toHaveURL">
<![CDATA[  [chromium] › layers/ui/menuItems/Dashboard.spec.ts:12:9 › Dashboard | Default Landing Page › Should load the Dashboard as the default page after successful login @regression @sanity @dashboard 

    Error: expect(page).toHaveURL(expected) failed

    Expected pattern: /dashboard\/index/
    Received string:  "https://opensource-demo.orangehrmlive.com/web/index.php/auth/login"
    Timeout: 100000ms

    Call log:
      - Expect "toHaveURL" with timeout 100000ms
        203 × unexpected value "https://opensource-demo.orangehrmlive.com/web/index.php/auth/login"


       at ../src/layers/ui/pages/orangeHrm/menuItems/dashboardPage.ts:47

      45 |     const { expectedUrl, classAttribute } = options;
      46 |
    > 47 |     await expect(this.page).toHaveURL(expectedUrl);
         |                             ^
      48 |
      49 |     const isDashboardActive = await this.elementAssertions.hasClass(
      50 |       this.dashboardMenuItemLink,
        at DashboardPage.verifyDashboardIsDefaultPage (/home/runner/work/orangehrm-ui-automation-framework/orangehrm-ui-automation-framework/src/layers/ui/pages/orangeHrm/menuItems/dashboardPage.ts:47:29)
        at /home/runner/work/orangehrm-ui-automation-framework/orangehrm-ui-automation-framework/tests/layers/ui/menuItems/Dashboard.spec.ts:15:27

    attachment #1: screenshot (image/png) ──────────────────────────────────────────────────────────
    ../all-blob-reports/resources/32f06f512cbd0e7422d18d041337213bccfad1a5.png
    ────────────────────────────────────────────────────────────────────────────────────────────────

    attachment #2: video (video/webm) ──────────────────────────────────────────────────────────────
    ../all-blob-reports/resources/4a6d101422c8c5a4df3b1b9c6a2d271f677ba6d8.webm
    ────────────────────────────────────────────────────────────────────────────────────────────────

    Error Context: ../all-blob-reports/resources/b2d86bcc7325e94b16477e0ba1f09654b15607d7.markdown

    attachment #4: trace (application/zip) ─────────────────────────────────────────────────────────
    ../all-blob-reports/resources/5223f99b6b8804c16075c467939b20cc326bb4c7.zip
    Usage:

        npx playwright show-trace ../all-blob-reports/resources/5223f99b6b8804c16075c467939b20cc326bb4c7.zip

    ────────────────────────────────────────────────────────────────────────────────────────────────

    Retry #1 ───────────────────────────────────────────────────────────────────────────────────────

    Error: expect(page).toHaveURL(expected) failed

    Expected pattern: /dashboard\/index/
    Received string:  "https://opensource-demo.orangehrmlive.com/web/index.php/auth/login"
    Timeout: 100000ms

    Call log:
      - Expect "toHaveURL" with timeout 100000ms
        203 × unexpected value "https://opensource-demo.orangehrmlive.com/web/index.php/auth/login"


       at ../src/layers/ui/pages/orangeHrm/menuItems/dashboardPage.ts:47

      45 |     const { expectedUrl, classAttribute } = options;
      46 |
    > 47 |     await expect(this.page).toHaveURL(expectedUrl);
         |                             ^
      48 |
      49 |     const isDashboardActive = await this.elementAssertions.hasClass(
      50 |       this.dashboardMenuItemLink,
        at DashboardPage.verifyDashboardIsDefaultPage (/home/runner/work/orangehrm-ui-automation-framework/orangehrm-ui-automation-framework/src/layers/ui/pages/orangeHrm/menuItems/dashboardPage.ts:47:29)
        at /home/runner/work/orangehrm-ui-automation-framework/orangehrm-ui-automation-framework/tests/layers/ui/menuItems/Dashboard.spec.ts:15:27

    attachment #1: screenshot (image/png) ──────────────────────────────────────────────────────────
    ../all-blob-reports/resources/6daf4b1bd888bf6b78a933822e1c1755ca495638.png
    ────────────────────────────────────────────────────────────────────────────────────────────────

    attachment #2: video (video/webm) ──────────────────────────────────────────────────────────────
    ../all-blob-reports/resources/775ad1c3163f36134dd4fb66dd48a9b37e5a090c.webm
    ────────────────────────────────────────────────────────────────────────────────────────────────

    Error Context: ../all-blob-reports/resources/45834a19627028f0b189e636a8982a2c704ef5ec.markdown

    attachment #4: trace (application/zip) ─────────────────────────────────────────────────────────
    ../all-blob-reports/resources/37d2761e1df16f6204412bd60185fb275862f2cc.zip
    Usage:

        npx playwright show-trace ../all-blob-reports/resources/37d2761e1df16f6204412bd60185fb275862f2cc.zip

    ────────────────────────────────────────────────────────────────────────────────────────────────

    Retry #2 ───────────────────────────────────────────────────────────────────────────────────────

    Error: expect(page).toHaveURL(expected) failed

    Expected pattern: /dashboard\/index/
    Received string:  "https://opensource-demo.orangehrmlive.com/web/index.php/auth/login"
    Timeout: 100000ms

    Call log:
      - Expect "toHaveURL" with timeout 100000ms
        203 × unexpected value "https://opensource-demo.orangehrmlive.com/web/index.php/auth/login"


       at ../src/layers/ui/pages/orangeHrm/menuItems/dashboardPage.ts:47

      45 |     const { expectedUrl, classAttribute } = options;
      46 |
    > 47 |     await expect(this.page).toHaveURL(expectedUrl);
         |                             ^
      48 |
      49 |     const isDashboardActive = await this.elementAssertions.hasClass(
      50 |       this.dashboardMenuItemLink,
        at DashboardPage.verifyDashboardIsDefaultPage (/home/runner/work/orangehrm-ui-automation-framework/orangehrm-ui-automation-framework/src/layers/ui/pages/orangeHrm/menuItems/dashboardPage.ts:47:29)
        at /home/runner/work/orangehrm-ui-automation-framework/orangehrm-ui-automation-framework/tests/layers/ui/menuItems/Dashboard.spec.ts:15:27

    attachment #1: screenshot (image/png) ──────────────────────────────────────────────────────────
    ../all-blob-reports/resources/07b8b450aec591cf0dcf74e73060f388bbd7c724.png
    ────────────────────────────────────────────────────────────────────────────────────────────────

    attachment #2: video (video/webm) ──────────────────────────────────────────────────────────────
    ../all-blob-reports/resources/116909115e21eec8f030a71559296ad9a0aa3906.webm
    ────────────────────────────────────────────────────────────────────────────────────────────────

    Error Context: ../all-blob-reports/resources/c44464bd6027c29b98963770281807d5b6780343.markdown

    attachment #4: trace (application/zip) ─────────────────────────────────────────────────────────
    ../all-blob-reports/resources/077280fbb42250d99f11339d9895161096632279.zip
    Usage:

        npx playwright show-trace ../all-blob-reports/resources/077280fbb42250d99f11339d9895161096632279.zip

    ────────────────────────────────────────────────────────────────────────────────────────────────
]]>
</failure>
</testcase>
</testsuite>
</testsuites>