<testsuites id="" name="" tests="8" failures="0" skipped="0" errors="0" time="25.29872705078125">
<testsuite name="layers/ui/authentication/Authentication.setup.ts" timestamp="2026-08-27T16:15:33.870Z" hostname="setup-auth-state" tests="1" failures="0" skipped="0" time="4.511" errors="0">
<testcase name="Authenticates the user with valid credentials" classname="layers/ui/authentication/Authentication.setup.ts" time="4.511">
<system-out>
<![CDATA[2026-08-27T18:14:55+02:00 [[32minfo[39m]: Navigated to https://opensource-demo.orangehrmlive.com/web/index.php/auth/login
2026-08-27T18:14:55+02:00 [[32minfo[39m]: OrangeHRM Logo state is visible
2026-08-27T18:14:55+02:00 [[32minfo[39m]: Login Header state is visible
2026-08-27T18:14:55+02:00 [[32minfo[39m]: Username Input filled successfully with value: ********
2026-08-27T18:14:55+02:00 [[32minfo[39m]: Password Input filled successfully with value: ********
2026-08-27T18:14:55+02:00 [[32minfo[39m]: Clicked on Login Button
2026-08-27T18:14:56+02:00 [[32minfo[39m]: Invalid Credentials Alert state is hidden
2026-08-27T18:14:56+02:00 [[32minfo[39m]: Authentication session state created successfully
2026-08-27T18:14:57+02:00 [[32minfo[39m]: Upgrade button state is visible
2026-08-27T18:14:57+02:00 [[32minfo[39m]: User dropdown selector state is visible
2026-08-27T18:14:57+02:00 [[32minfo[39m]: Dashboard header state is visible

[[ATTACHMENT|../all-blob-reports/resources/6a7bc1fd169a33edcba006a86c7cf308c31febfe.png]]
]]>
</system-out>
</testcase>
</testsuite>
<testsuite name="layers/ui/login/Footer.spec.ts" timestamp="2026-08-27T16:15:33.870Z" hostname="chromium" tests="1" failures="0" skipped="0" time="2.734" errors="0">
<testcase name="Login | Footer › Should display complete footer with all elements" classname="layers/ui/login/Footer.spec.ts" time="2.734">
<system-out>
<![CDATA[2026-08-27T18:15:00+02:00 [[32minfo[39m]: Navigated to https://opensource-demo.orangehrmlive.com/web/index.php/auth/login
2026-08-27T18:15:00+02:00 [[32minfo[39m]: Footer Version Text state is visible
2026-08-27T18:15:00+02:00 [[32minfo[39m]: Footer Copyright Year state is visible
2026-08-27T18:15:00+02:00 [[32minfo[39m]: Footer Copyright Owner Link state is visible
2026-08-27T18:15:00+02:00 [[32minfo[39m]: Footer Rights Text state is visible
2026-08-27T18:15:00+02:00 [[32minfo[39m]: Footer Social Media Icons count is 4
2026-08-27T18:15:00+02:00 [[32minfo[39m]: Footer LinkedIn Icon state is visible
2026-08-27T18:15:00+02:00 [[32minfo[39m]: Footer Facebook Icon state is visible
2026-08-27T18:15:00+02:00 [[32minfo[39m]: Footer Twitter Icon state is visible
2026-08-27T18:15:00+02:00 [[32minfo[39m]: Footer YouTube Icon state is visible
2026-08-27T18:15:00+02:00 [[32minfo[39m]: Assertion Passed: Complete footer with all elements is displayed

[[ATTACHMENT|../all-blob-reports/resources/5e3c6fb73d1d885aca186adb4dcadbfa9cca1b4a.png]]
]]>
</system-out>
</testcase>
</testsuite>
<testsuite name="layers/ui/authentication/Authentication.setup.ts" timestamp="2026-08-27T16:15:33.870Z" hostname="setup-auth-state" tests="1" failures="0" skipped="0" time="5.253" errors="0">
<testcase name="Authenticates the user with valid credentials" classname="layers/ui/authentication/Authentication.setup.ts" time="5.253">
<system-out>
<![CDATA[2026-08-27T18:15:05+02:00 [[32minfo[39m]: Navigated to https://opensource-demo.orangehrmlive.com/web/index.php/auth/login
2026-08-27T18:15:05+02:00 [[32minfo[39m]: OrangeHRM Logo state is visible
2026-08-27T18:15:05+02:00 [[32minfo[39m]: Login Header state is visible
2026-08-27T18:15:05+02:00 [[32minfo[39m]: Username Input filled successfully with value: ********
2026-08-27T18:15:05+02:00 [[32minfo[39m]: Password Input filled successfully with value: ********
2026-08-27T18:15:06+02:00 [[32minfo[39m]: Clicked on Login Button
2026-08-27T18:15:06+02:00 [[32minfo[39m]: Invalid Credentials Alert state is hidden
2026-08-27T18:15:06+02:00 [[32minfo[39m]: Authentication session state created successfully
2026-08-27T18:15:07+02:00 [[32minfo[39m]: Dashboard header state is visible
2026-08-27T18:15:07+02:00 [[32minfo[39m]: Upgrade button state is visible
2026-08-27T18:15:07+02:00 [[32minfo[39m]: User dropdown selector state is visible

[[ATTACHMENT|../all-blob-reports/resources/685195328f58f91ad48c13921b4b2475a5ea0080.png]]
]]>
</system-out>
</testcase>
</testsuite>
<testsuite name="layers/ui/login/ValidLogin.spec.ts" timestamp="2026-08-27T16:15:33.870Z" hostname="chromium" tests="1" failures="0" skipped="0" time="5.226" errors="0">
<testcase name="Login | Valid Credentials › Should navigate to Dashboard on successful login" classname="layers/ui/login/ValidLogin.spec.ts" time="5.226">
<system-out>
<![CDATA[2026-08-27T18:15:10+02:00 [[32minfo[39m]: Navigated to https://opensource-demo.orangehrmlive.com/web/index.php/auth/login
2026-08-27T18:15:10+02:00 [[32minfo[39m]: Checked if URL contains: /auth/login
2026-08-27T18:15:10+02:00 [[33mwarn[39m]: Authentication session is stale; re-authenticating
2026-08-27T18:15:11+02:00 [[32minfo[39m]: Navigated to https://opensource-demo.orangehrmlive.com/web/index.php/auth/login
2026-08-27T18:15:12+02:00 [[32minfo[39m]: OrangeHRM Logo state is visible
2026-08-27T18:15:12+02:00 [[32minfo[39m]: Login Header state is visible
2026-08-27T18:15:12+02:00 [[32minfo[39m]: Username Input filled successfully with value: ********
2026-08-27T18:15:12+02:00 [[32minfo[39m]: Password Input filled successfully with value: ********
2026-08-27T18:15:12+02:00 [[32minfo[39m]: Clicked on Login Button
2026-08-27T18:15:12+02:00 [[32minfo[39m]: Invalid Credentials Alert state is hidden
2026-08-27T18:15:12+02:00 [[32minfo[39m]: Authentication session state created successfully
2026-08-27T18:15:13+02:00 [[32minfo[39m]: Dashboard menu item state is visible
2026-08-27T18:15:13+02:00 [[32minfo[39m]: Assertion Passed: User successfully logged in and Dashboard is Visible

[[ATTACHMENT|../all-blob-reports/resources/9c3f7a72a57a821c33f49d1f37ff2252ca3e05fc.png]]
]]>
</system-out>
</testcase>
</testsuite>
<testsuite name="layers/ui/authentication/Authentication.setup.ts" timestamp="2026-08-27T16:15:33.870Z" hostname="setup-auth-state" tests="1" failures="0" skipped="0" time="5.628" errors="0">
<testcase name="Authenticates the user with valid credentials" classname="layers/ui/authentication/Authentication.setup.ts" time="5.628">
<system-out>
<![CDATA[2026-08-27T18:15:11+02:00 [[32minfo[39m]: Navigated to https://opensource-demo.orangehrmlive.com/web/index.php/auth/login
2026-08-27T18:15:11+02:00 [[32minfo[39m]: OrangeHRM Logo state is visible
2026-08-27T18:15:11+02:00 [[32minfo[39m]: Login Header state is visible
2026-08-27T18:15:11+02:00 [[32minfo[39m]: Username Input filled successfully with value: ********
2026-08-27T18:15:11+02:00 [[32minfo[39m]: Password Input filled successfully with value: ********
2026-08-27T18:15:11+02:00 [[32minfo[39m]: Clicked on Login Button
2026-08-27T18:15:12+02:00 [[32minfo[39m]: Invalid Credentials Alert state is hidden
2026-08-27T18:15:12+02:00 [[32minfo[39m]: Authentication session state created successfully
2026-08-27T18:15:13+02:00 [[32minfo[39m]: Dashboard header state is visible
2026-08-27T18:15:13+02:00 [[32minfo[39m]: Upgrade button state is visible
2026-08-27T18:15:13+02:00 [[32minfo[39m]: User dropdown selector state is visible

[[ATTACHMENT|../all-blob-reports/resources/3961523a581c6db91c38371ca66844c0ec4258d2.png]]
]]>
</system-out>
</testcase>
</testsuite>
<testsuite name="layers/ui/login/ValidLogin.spec.ts" timestamp="2026-08-27T16:15:33.870Z" hostname="chromium" tests="1" failures="0" skipped="0" time="2.796" errors="0">
<testcase name="Login | Page Title › Should display page title correctly" classname="layers/ui/login/ValidLogin.spec.ts" time="2.796">
<system-out>
<![CDATA[2026-08-27T18:15:16+02:00 [[32minfo[39m]: Navigated to https://opensource-demo.orangehrmlive.com/web/index.php/auth/login
2026-08-27T18:15:16+02:00 [[32minfo[39m]: Retrieved page title
2026-08-27T18:15:16+02:00 [[32minfo[39m]: Verified: Page title 'OrangeHRM' matches expected 'OrangeHRM'
2026-08-27T18:15:16+02:00 [[32minfo[39m]: Assertion Passed: Page title is correctly displayed as "OrangeHRM"

[[ATTACHMENT|../all-blob-reports/resources/b1c16a3af843288c7b3645a2d6764d4b85ae5387.png]]
]]>
</system-out>
</testcase>
</testsuite>
<testsuite name="layers/ui/authentication/Authentication.setup.ts" timestamp="2026-08-27T16:15:33.870Z" hostname="setup-auth-state" tests="1" failures="0" skipped="0" time="4.941" errors="0">
<testcase name="Authenticates the user with valid credentials" classname="layers/ui/authentication/Authentication.setup.ts" time="4.941">
<system-out>
<![CDATA[2026-08-27T18:14:57+02:00 [[32minfo[39m]: Navigated to https://opensource-demo.orangehrmlive.com/web/index.php/auth/login
2026-08-27T18:14:58+02:00 [[32minfo[39m]: OrangeHRM Logo state is visible
2026-08-27T18:14:58+02:00 [[32minfo[39m]: Login Header state is visible
2026-08-27T18:14:58+02:00 [[32minfo[39m]: Username Input filled successfully with value: ********
2026-08-27T18:14:58+02:00 [[32minfo[39m]: Password Input filled successfully with value: ********
2026-08-27T18:14:58+02:00 [[32minfo[39m]: Clicked on Login Button
2026-08-27T18:14:59+02:00 [[32minfo[39m]: Invalid Credentials Alert state is hidden
2026-08-27T18:14:59+02:00 [[32minfo[39m]: Authentication session state created successfully
2026-08-27T18:15:00+02:00 [[32minfo[39m]: Dashboard header state is visible
2026-08-27T18:15:00+02:00 [[32minfo[39m]: Upgrade button state is visible
2026-08-27T18:15:00+02:00 [[32minfo[39m]: User dropdown selector state is visible

[[ATTACHMENT|../all-blob-reports/resources/884264e4b48582f6f08b5478cdc05f490f41b4df.png]]
]]>
</system-out>
</testcase>
</testsuite>
<testsuite name="layers/ui/menuItems/Dashboard.spec.ts" timestamp="2026-08-27T16:15:33.870Z" hostname="chromium" tests="1" failures="0" skipped="0" time="3.169" errors="0">
<testcase name="Dashboard | Default Landing Page › Should load the Dashboard as the default page after successful login" classname="layers/ui/menuItems/Dashboard.spec.ts" time="3.169">
<system-out>
<![CDATA[2026-08-27T18:15:03+02:00 [[32minfo[39m]: Navigated to https://opensource-demo.orangehrmlive.com/web/index.php/auth/login
2026-08-27T18:15:04+02:00 [[32minfo[39m]: Class "active" found on element
2026-08-27T18:15:04+02:00 [[32minfo[39m]: Verified: Dashboard is the default page with URL: /dashboard\/index/
2026-08-27T18:15:04+02:00 [[32minfo[39m]: Assertion Passed: Dashboard is loaded as the default page with the correct URL and active menu state

[[ATTACHMENT|../all-blob-reports/resources/c3f9bfc4b0ffc796b6229df41de4be3a08859dfa.png]]
]]>
</system-out>
</testcase>
</testsuite>
</testsuites>