<testsuites id="" name="" tests="8" failures="0" skipped="0" errors="0" time="18.930326904296876">
<testsuite name="layers/ui/authentication/Authentication.setup.ts" timestamp="2026-08-07T06:12:16.954Z" hostname="setup-auth-state" tests="1" failures="0" skipped="0" time="7.639" errors="0">
<testcase name="Authenticates the user with valid credentials" classname="layers/ui/authentication/Authentication.setup.ts" time="7.639">
<system-out>
<![CDATA[2026-08-07T08:11:44+02:00 [[32minfo[39m]: Navigated to https://opensource-demo.orangehrmlive.com/web/index.php/auth/login
2026-08-07T08:11:46+02:00 [[32minfo[39m]: OrangeHRM Logo state is visible
2026-08-07T08:11:46+02:00 [[32minfo[39m]: Login Header state is visible
2026-08-07T08:11:46+02:00 [[32minfo[39m]: Username Input filled successfully with value: ********
2026-08-07T08:11:46+02:00 [[32minfo[39m]: Password Input filled successfully with value: ********
2026-08-07T08:11:46+02:00 [[32minfo[39m]: Clicked on Login Button
2026-08-07T08:11:47+02:00 [[32minfo[39m]: Invalid Credentials Alert state is hidden
2026-08-07T08:11:47+02:00 [[32minfo[39m]: Authentication session state created successfully
2026-08-07T08:11:48+02:00 [[32minfo[39m]: Dashboard header state is visible
2026-08-07T08:11:48+02:00 [[32minfo[39m]: Upgrade button state is visible
2026-08-07T08:11:48+02:00 [[32minfo[39m]: User dropdown selector state is visible

[[ATTACHMENT|../all-blob-reports/resources/0d56516c8ada883e2921ae6af87c6e9d9f3e0145.png]]
]]>
</system-out>
</testcase>
</testsuite>
<testsuite name="layers/ui/login/Footer.spec.ts" timestamp="2026-08-07T06:12:16.954Z" hostname="chromium" tests="1" failures="0" skipped="0" time="2.874" errors="0">
<testcase name="Login | Footer › Should display complete footer with all elements" classname="layers/ui/login/Footer.spec.ts" time="2.874">
<system-out>
<![CDATA[2026-08-07T08:11:52+02:00 [[32minfo[39m]: Navigated to https://opensource-demo.orangehrmlive.com/web/index.php/auth/login
2026-08-07T08:11:52+02:00 [[32minfo[39m]: Footer Version Text state is visible
2026-08-07T08:11:52+02:00 [[32minfo[39m]: Footer Copyright Year state is visible
2026-08-07T08:11:52+02:00 [[32minfo[39m]: Footer Copyright Owner Link state is visible
2026-08-07T08:11:52+02:00 [[32minfo[39m]: Footer Rights Text state is visible
2026-08-07T08:11:52+02:00 [[32minfo[39m]: Footer Social Media Icons count is 4
2026-08-07T08:11:52+02:00 [[32minfo[39m]: Footer LinkedIn Icon state is visible
2026-08-07T08:11:52+02:00 [[32minfo[39m]: Footer Facebook Icon state is visible
2026-08-07T08:11:52+02:00 [[32minfo[39m]: Footer Twitter Icon state is visible
2026-08-07T08:11:52+02:00 [[32minfo[39m]: Footer YouTube Icon state is visible
2026-08-07T08:11:52+02:00 [[32minfo[39m]: Assertion Passed: Complete footer with all elements is displayed

[[ATTACHMENT|../all-blob-reports/resources/909f15c79c320f2fc4e3d708a8f0eecd5f97e357.png]]
]]>
</system-out>
</testcase>
</testsuite>
<testsuite name="layers/ui/authentication/Authentication.setup.ts" timestamp="2026-08-07T06:12:16.954Z" hostname="setup-auth-state" tests="1" failures="0" skipped="0" time="6.481" errors="0">
<testcase name="Authenticates the user with valid credentials" classname="layers/ui/authentication/Authentication.setup.ts" time="6.481">
<system-out>
<![CDATA[2026-08-07T08:11:40+02:00 [[32minfo[39m]: Navigated to https://opensource-demo.orangehrmlive.com/web/index.php/auth/login
2026-08-07T08:11:40+02:00 [[32minfo[39m]: OrangeHRM Logo state is visible
2026-08-07T08:11:40+02:00 [[32minfo[39m]: Login Header state is visible
2026-08-07T08:11:40+02:00 [[32minfo[39m]: Username Input filled successfully with value: ********
2026-08-07T08:11:40+02:00 [[32minfo[39m]: Password Input filled successfully with value: ********
2026-08-07T08:11:40+02:00 [[32minfo[39m]: Clicked on Login Button
2026-08-07T08:11:42+02:00 [[32minfo[39m]: Invalid Credentials Alert state is hidden
2026-08-07T08:11:42+02:00 [[32minfo[39m]: Authentication session state created successfully
2026-08-07T08:11:43+02:00 [[32minfo[39m]: Dashboard header state is visible
2026-08-07T08:11:43+02:00 [[32minfo[39m]: Upgrade button state is visible
2026-08-07T08:11:43+02:00 [[32minfo[39m]: User dropdown selector state is visible

[[ATTACHMENT|../all-blob-reports/resources/c25f91fc30363bf3f2817b844fa4d581744d3ddf.png]]
]]>
</system-out>
</testcase>
</testsuite>
<testsuite name="layers/ui/login/ValidLogin.spec.ts" timestamp="2026-08-07T06:12:16.954Z" hostname="chromium" tests="1" failures="0" skipped="0" time="4.342" errors="0">
<testcase name="Login | Valid Credentials › Should navigate to Dashboard on successful login" classname="layers/ui/login/ValidLogin.spec.ts" time="4.342">
<system-out>
<![CDATA[2026-08-07T08:11:47+02:00 [[32minfo[39m]: Navigated to https://opensource-demo.orangehrmlive.com/web/index.php/auth/login
2026-08-07T08:11:47+02:00 [[32minfo[39m]: Checked if URL contains: /auth/login
2026-08-07T08:11:47+02:00 [[32minfo[39m]: Existing authentication session is still valid
2026-08-07T08:11:48+02:00 [[32minfo[39m]: Dashboard menu item state is visible
2026-08-07T08:11:48+02:00 [[32minfo[39m]: Assertion Passed: User successfully logged in and Dashboard is Visible

[[ATTACHMENT|../all-blob-reports/resources/16c3d4d17a4264470ba6ddbfc5c4d14e5efc6593.png]]
]]>
</system-out>
</testcase>
</testsuite>
<testsuite name="layers/ui/authentication/Authentication.setup.ts" timestamp="2026-08-07T06:12:16.954Z" hostname="setup-auth-state" tests="1" failures="0" skipped="0" time="7.235" errors="0">
<testcase name="Authenticates the user with valid credentials" classname="layers/ui/authentication/Authentication.setup.ts" time="7.235">
<system-out>
<![CDATA[2026-08-07T08:11:40+02:00 [[32minfo[39m]: Navigated to https://opensource-demo.orangehrmlive.com/web/index.php/auth/login
2026-08-07T08:11:41+02:00 [[32minfo[39m]: OrangeHRM Logo state is visible
2026-08-07T08:11:41+02:00 [[32minfo[39m]: Login Header state is visible
2026-08-07T08:11:41+02:00 [[32minfo[39m]: Username Input filled successfully with value: ********
2026-08-07T08:11:41+02:00 [[32minfo[39m]: Password Input filled successfully with value: ********
2026-08-07T08:11:41+02:00 [[32minfo[39m]: Clicked on Login Button
2026-08-07T08:11:43+02:00 [[32minfo[39m]: Invalid Credentials Alert state is hidden
2026-08-07T08:11:43+02:00 [[32minfo[39m]: Authentication session state created successfully
2026-08-07T08:11:43+02:00 [[32minfo[39m]: Dashboard header state is visible
2026-08-07T08:11:44+02:00 [[32minfo[39m]: Upgrade button state is visible
2026-08-07T08:11:44+02:00 [[32minfo[39m]: User dropdown selector state is visible

[[ATTACHMENT|../all-blob-reports/resources/7117c378e587d18f86c23b75085f46fa1a125bfe.png]]
]]>
</system-out>
</testcase>
</testsuite>
<testsuite name="layers/ui/login/ValidLogin.spec.ts" timestamp="2026-08-07T06:12:16.954Z" hostname="chromium" tests="1" failures="0" skipped="0" time="3.033" errors="0">
<testcase name="Login | Page Title › Should display page title correctly" classname="layers/ui/login/ValidLogin.spec.ts" time="3.033">
<system-out>
<![CDATA[2026-08-07T08:11:48+02:00 [[32minfo[39m]: Navigated to https://opensource-demo.orangehrmlive.com/web/index.php/auth/login
2026-08-07T08:11:48+02:00 [[32minfo[39m]: Retrieved page title
2026-08-07T08:11:48+02:00 [[32minfo[39m]: Verified: Page title 'OrangeHRM' matches expected 'OrangeHRM'
2026-08-07T08:11:48+02:00 [[32minfo[39m]: Assertion Passed: Page title is correctly displayed as "OrangeHRM"

[[ATTACHMENT|../all-blob-reports/resources/c7590ab6fda2b2706c7405e18d0b1f0a514d03be.png]]
]]>
</system-out>
</testcase>
</testsuite>
<testsuite name="layers/ui/authentication/Authentication.setup.ts" timestamp="2026-08-07T06:12:16.954Z" hostname="setup-auth-state" tests="1" failures="0" skipped="0" time="8.442" errors="0">
<testcase name="Authenticates the user with valid credentials" classname="layers/ui/authentication/Authentication.setup.ts" time="8.442">
<system-out>
<![CDATA[2026-08-07T08:11:43+02:00 [[32minfo[39m]: Navigated to https://opensource-demo.orangehrmlive.com/web/index.php/auth/login
2026-08-07T08:11:45+02:00 [[32minfo[39m]: OrangeHRM Logo state is visible
2026-08-07T08:11:45+02:00 [[32minfo[39m]: Login Header state is visible
2026-08-07T08:11:45+02:00 [[32minfo[39m]: Username Input filled successfully with value: ********
2026-08-07T08:11:45+02:00 [[32minfo[39m]: Password Input filled successfully with value: ********
2026-08-07T08:11:45+02:00 [[32minfo[39m]: Clicked on Login Button
2026-08-07T08:11:47+02:00 [[32minfo[39m]: Invalid Credentials Alert state is hidden
2026-08-07T08:11:47+02:00 [[32minfo[39m]: Authentication session state created successfully
2026-08-07T08:11:48+02:00 [[32minfo[39m]: Dashboard header state is visible
2026-08-07T08:11:48+02:00 [[32minfo[39m]: Upgrade button state is visible
2026-08-07T08:11:48+02:00 [[32minfo[39m]: User dropdown selector state is visible

[[ATTACHMENT|../all-blob-reports/resources/24fb01a4a23dce1c20a69260c1dd709b89b180de.png]]
]]>
</system-out>
</testcase>
</testsuite>
<testsuite name="layers/ui/menuItems/Dashboard.spec.ts" timestamp="2026-08-07T06:12:16.954Z" hostname="chromium" tests="1" failures="0" skipped="0" time="4.383" errors="0">
<testcase name="Dashboard | Default Landing Page › Should load the Dashboard as the default page after successful login" classname="layers/ui/menuItems/Dashboard.spec.ts" time="4.383">
<system-out>
<![CDATA[2026-08-07T08:11:52+02:00 [[32minfo[39m]: Navigated to https://opensource-demo.orangehrmlive.com/web/index.php/auth/login
2026-08-07T08:11:52+02:00 [[32minfo[39m]: Class "active" found on element
2026-08-07T08:11:52+02:00 [[32minfo[39m]: Verified: Dashboard is the default page with URL: /dashboard\/index/
2026-08-07T08:11:52+02:00 [[32minfo[39m]: Assertion Passed: Dashboard is loaded as the default page with the correct URL and active menu state

[[ATTACHMENT|../all-blob-reports/resources/2c43969241487a940f4ae760f6d767f0b2d1daf4.png]]
]]>
</system-out>
</testcase>
</testsuite>
</testsuites>