<testsuites id="" name="" tests="8" failures="0" skipped="0" errors="0" time="37.742547119140625">
<testsuite name="layers/ui/authentication/Authentication.setup.ts" timestamp="2026-06-29T09:52:16.394Z" hostname="setup-auth-state" tests="1" failures="0" skipped="0" time="6.012" errors="0">
<testcase name="Authenticates the user with valid credentials" classname="layers/ui/authentication/Authentication.setup.ts" time="6.012">
<system-out>
<![CDATA[2026-06-29T11:51:43+02:00 [[32minfo[39m]: Navigated to https://opensource-demo.orangehrmlive.com/web/index.php/auth/login
2026-06-29T11:51:44+02:00 [[32minfo[39m]: OrangeHRM Logo state is visible
2026-06-29T11:51:44+02:00 [[32minfo[39m]: Login Header state is visible
2026-06-29T11:51:44+02:00 [[32minfo[39m]: Username Input filled successfully with value: ********
2026-06-29T11:51:44+02:00 [[32minfo[39m]: Password Input filled successfully with value: ********
2026-06-29T11:51:44+02:00 [[32minfo[39m]: Clicked on Login Button
2026-06-29T11:51:44+02:00 [[32minfo[39m]: Invalid Credentials Alert state is hidden
2026-06-29T11:51:44+02:00 [[32minfo[39m]: Authentication session state created successfully
2026-06-29T11:51:46+02:00 [[32minfo[39m]: Dashboard header state is visible
2026-06-29T11:51:46+02:00 [[32minfo[39m]: Upgrade button state is visible
2026-06-29T11:51:46+02:00 [[32minfo[39m]: User dropdown selector state is visible

[[ATTACHMENT|../all-blob-reports/resources/0d67ce17d43c55487e4861ea34e4d0acb5031d13.png]]
]]>
</system-out>
</testcase>
</testsuite>
<testsuite name="layers/ui/login/Footer.spec.ts" timestamp="2026-06-29T09:52:16.394Z" hostname="chromium" tests="1" failures="0" skipped="0" time="3.458" errors="0">
<testcase name="Login | Footer › Should display complete footer with all elements" classname="layers/ui/login/Footer.spec.ts" time="3.458">
<system-out>
<![CDATA[2026-06-29T11:51:50+02:00 [[32minfo[39m]: Navigated to https://opensource-demo.orangehrmlive.com/web/index.php/auth/login
2026-06-29T11:51:50+02:00 [[32minfo[39m]: Footer Version Text state is visible
2026-06-29T11:51:50+02:00 [[32minfo[39m]: Footer Copyright Year state is visible
2026-06-29T11:51:50+02:00 [[32minfo[39m]: Footer Copyright Owner Link state is visible
2026-06-29T11:51:50+02:00 [[32minfo[39m]: Footer Rights Text state is visible
2026-06-29T11:51:50+02:00 [[32minfo[39m]: Footer Social Media Icons count is 4
2026-06-29T11:51:50+02:00 [[32minfo[39m]: Footer LinkedIn Icon state is visible
2026-06-29T11:51:50+02:00 [[32minfo[39m]: Footer Facebook Icon state is visible
2026-06-29T11:51:50+02:00 [[32minfo[39m]: Footer Twitter Icon state is visible
2026-06-29T11:51:50+02:00 [[32minfo[39m]: Footer YouTube Icon state is visible
2026-06-29T11:51:50+02:00 [[32minfo[39m]: Assertion Passed: Complete footer with all elements is displayed

[[ATTACHMENT|../all-blob-reports/resources/eae7f965c37a907de62758eac4956a9e5c7fdf47.png]]
]]>
</system-out>
</testcase>
</testsuite>
<testsuite name="layers/ui/authentication/Authentication.setup.ts" timestamp="2026-06-29T09:52:16.394Z" hostname="setup-auth-state" tests="1" failures="0" skipped="0" time="7.632" errors="0">
<testcase name="Authenticates the user with valid credentials" classname="layers/ui/authentication/Authentication.setup.ts" time="7.632">
<system-out>
<![CDATA[2026-06-29T11:51:19+02:00 [[32minfo[39m]: Navigated to https://opensource-demo.orangehrmlive.com/web/index.php/auth/login
2026-06-29T11:51:20+02:00 [[32minfo[39m]: OrangeHRM Logo state is visible
2026-06-29T11:51:20+02:00 [[32minfo[39m]: Login Header state is visible
2026-06-29T11:51:20+02:00 [[32minfo[39m]: Username Input filled successfully with value: ********
2026-06-29T11:51:20+02:00 [[32minfo[39m]: Password Input filled successfully with value: ********
2026-06-29T11:51:20+02:00 [[32minfo[39m]: Clicked on Login Button
2026-06-29T11:51:20+02:00 [[32minfo[39m]: Invalid Credentials Alert state is hidden
2026-06-29T11:51:20+02:00 [[32minfo[39m]: Authentication session state created successfully
2026-06-29T11:51:22+02:00 [[32minfo[39m]: Dashboard header state is visible
2026-06-29T11:51:22+02:00 [[32minfo[39m]: Upgrade button state is visible
2026-06-29T11:51:22+02:00 [[32minfo[39m]: User dropdown selector state is visible

[[ATTACHMENT|../all-blob-reports/resources/ced62c074b43bb22a0eb507c8308a70f0b994845.png]]
]]>
</system-out>
</testcase>
</testsuite>
<testsuite name="layers/ui/login/ValidLogin.spec.ts" timestamp="2026-06-29T09:52:16.394Z" hostname="chromium" tests="1" failures="0" skipped="0" time="4.989" errors="0">
<testcase name="Login | Valid Credentials › Should navigate to Dashboard on successful login" classname="layers/ui/login/ValidLogin.spec.ts" time="4.989">
<system-out>
<![CDATA[2026-06-29T11:51:25+02:00 [[32minfo[39m]: Navigated to https://opensource-demo.orangehrmlive.com/web/index.php/auth/login
2026-06-29T11:51:25+02:00 [[32minfo[39m]: Checked if URL contains: /auth/login
2026-06-29T11:51:25+02:00 [[33mwarn[39m]: Authentication session is stale; re-authenticating
2026-06-29T11:51:26+02:00 [[32minfo[39m]: Navigated to https://opensource-demo.orangehrmlive.com/web/index.php/auth/login
2026-06-29T11:51:26+02:00 [[32minfo[39m]: OrangeHRM Logo state is visible
2026-06-29T11:51:26+02:00 [[32minfo[39m]: Login Header state is visible
2026-06-29T11:51:26+02:00 [[32minfo[39m]: Username Input filled successfully with value: ********
2026-06-29T11:51:26+02:00 [[32minfo[39m]: Password Input filled successfully with value: ********
2026-06-29T11:51:26+02:00 [[32minfo[39m]: Clicked on Login Button
2026-06-29T11:51:28+02:00 [[32minfo[39m]: Invalid Credentials Alert state is hidden
2026-06-29T11:51:28+02:00 [[32minfo[39m]: Authentication session state created successfully
2026-06-29T11:51:28+02:00 [[32minfo[39m]: Dashboard menu item state is visible
2026-06-29T11:51:28+02:00 [[32minfo[39m]: Assertion Passed: User successfully logged in and Dashboard is Visible

[[ATTACHMENT|../all-blob-reports/resources/0e8c768ec79720cae4c8679357e5702deeb69ed7.png]]
]]>
</system-out>
</testcase>
</testsuite>
<testsuite name="layers/ui/authentication/Authentication.setup.ts" timestamp="2026-06-29T09:52:16.394Z" hostname="setup-auth-state" tests="1" failures="0" skipped="0" time="5.329" errors="0">
<testcase name="Authenticates the user with valid credentials" classname="layers/ui/authentication/Authentication.setup.ts" time="5.329">
<system-out>
<![CDATA[2026-06-29T11:51:27+02:00 [[32minfo[39m]: Navigated to https://opensource-demo.orangehrmlive.com/web/index.php/auth/login
2026-06-29T11:51:28+02:00 [[32minfo[39m]: OrangeHRM Logo state is visible
2026-06-29T11:51:28+02:00 [[32minfo[39m]: Login Header state is visible
2026-06-29T11:51:28+02:00 [[32minfo[39m]: Username Input filled successfully with value: ********
2026-06-29T11:51:28+02:00 [[32minfo[39m]: Password Input filled successfully with value: ********
2026-06-29T11:51:28+02:00 [[32minfo[39m]: Clicked on Login Button
2026-06-29T11:51:29+02:00 [[32minfo[39m]: Invalid Credentials Alert state is hidden
2026-06-29T11:51:29+02:00 [[32minfo[39m]: Authentication session state created successfully
2026-06-29T11:51:30+02:00 [[32minfo[39m]: Dashboard header state is visible
2026-06-29T11:51:30+02:00 [[32minfo[39m]: Upgrade button state is visible
2026-06-29T11:51:30+02:00 [[32minfo[39m]: User dropdown selector state is visible

[[ATTACHMENT|../all-blob-reports/resources/4e2a3b25a5798bb7a72e12979607b5d0e4cd1bb1.png]]
]]>
</system-out>
</testcase>
</testsuite>
<testsuite name="layers/ui/login/ValidLogin.spec.ts" timestamp="2026-06-29T09:52:16.394Z" hostname="chromium" tests="1" failures="0" skipped="0" time="3.508" errors="0">
<testcase name="Login | Page Title › Should display page title correctly" classname="layers/ui/login/ValidLogin.spec.ts" time="3.508">
<system-out>
<![CDATA[2026-06-29T11:51:34+02:00 [[32minfo[39m]: Navigated to https://opensource-demo.orangehrmlive.com/web/index.php/auth/login
2026-06-29T11:51:34+02:00 [[32minfo[39m]: Retrieved page title
2026-06-29T11:51:34+02:00 [[32minfo[39m]: Verified: Page title 'OrangeHRM' matches expected 'OrangeHRM'
2026-06-29T11:51:34+02:00 [[32minfo[39m]: Assertion Passed: Page title is correctly displayed as "OrangeHRM"

[[ATTACHMENT|../all-blob-reports/resources/9ab62b5fb77778fe8a7151eca42383c72225649c.png]]
]]>
</system-out>
</testcase>
</testsuite>
<testsuite name="layers/ui/authentication/Authentication.setup.ts" timestamp="2026-06-29T09:52:16.394Z" hostname="setup-auth-state" tests="1" failures="0" skipped="0" time="5.82" errors="0">
<testcase name="Authenticates the user with valid credentials" classname="layers/ui/authentication/Authentication.setup.ts" time="5.82">
<system-out>
<![CDATA[2026-06-29T11:51:37+02:00 [[32minfo[39m]: Navigated to https://opensource-demo.orangehrmlive.com/web/index.php/auth/login
2026-06-29T11:51:38+02:00 [[32minfo[39m]: OrangeHRM Logo state is visible
2026-06-29T11:51:38+02:00 [[32minfo[39m]: Login Header state is visible
2026-06-29T11:51:38+02:00 [[32minfo[39m]: Username Input filled successfully with value: ********
2026-06-29T11:51:38+02:00 [[32minfo[39m]: Password Input filled successfully with value: ********
2026-06-29T11:51:38+02:00 [[32minfo[39m]: Clicked on Login Button
2026-06-29T11:51:39+02:00 [[32minfo[39m]: Invalid Credentials Alert state is hidden
2026-06-29T11:51:40+02:00 [[32minfo[39m]: Authentication session state created successfully
2026-06-29T11:51:40+02:00 [[32minfo[39m]: Dashboard header state is visible
2026-06-29T11:51:40+02:00 [[32minfo[39m]: Upgrade button state is visible
2026-06-29T11:51:40+02:00 [[32minfo[39m]: User dropdown selector state is visible

[[ATTACHMENT|../all-blob-reports/resources/312b13fad124fecbe0291310b8408b9dfb4c4aac.png]]
]]>
</system-out>
</testcase>
</testsuite>
<testsuite name="layers/ui/menuItems/Dashboard.spec.ts" timestamp="2026-06-29T09:52:16.394Z" hostname="chromium" tests="1" failures="0" skipped="0" time="4.494" errors="0">
<testcase name="Dashboard | Default Landing Page › Should load the Dashboard as the default page after successful login" classname="layers/ui/menuItems/Dashboard.spec.ts" time="4.494">
<system-out>
<![CDATA[2026-06-29T11:51:44+02:00 [[32minfo[39m]: Navigated to https://opensource-demo.orangehrmlive.com/web/index.php/auth/login
2026-06-29T11:51:45+02:00 [[32minfo[39m]: Class "active" found on element
2026-06-29T11:51:45+02:00 [[32minfo[39m]: Verified: Dashboard is the default page with URL: /dashboard\/index/
2026-06-29T11:51:45+02:00 [[32minfo[39m]: Assertion Passed: Dashboard is loaded as the default page with the correct URL and active menu state

[[ATTACHMENT|../all-blob-reports/resources/224d0111ac97bfa422c726303f76ed266b3350e5.png]]
]]>
</system-out>
</testcase>
</testsuite>
</testsuites>