<testsuites id="" name="" tests="8" failures="0" skipped="0" errors="0" time="77.2399970703125">
<testsuite name="layers/ui/authentication/Authentication.setup.ts" timestamp="2026-09-08T08:34:06.145Z" hostname="setup-auth-state" tests="1" failures="0" skipped="0" time="3.902" errors="0">
<testcase name="Authenticates the user with valid credentials" classname="layers/ui/authentication/Authentication.setup.ts" time="3.902">
<system-out>
<![CDATA[2026-09-08T10:32:25+02:00 [[32minfo[39m]: Navigated to https://opensource-demo.orangehrmlive.com/web/index.php/auth/login
2026-09-08T10:32:26+02:00 [[32minfo[39m]: OrangeHRM Logo state is visible
2026-09-08T10:32:26+02:00 [[32minfo[39m]: Login Header state is visible
2026-09-08T10:32:26+02:00 [[32minfo[39m]: Username Input filled successfully with value: ********
2026-09-08T10:32:26+02:00 [[32minfo[39m]: Password Input filled successfully with value: ********
2026-09-08T10:32:26+02:00 [[32minfo[39m]: Clicked on Login Button
2026-09-08T10:32:26+02:00 [[32minfo[39m]: Invalid Credentials Alert state is hidden
2026-09-08T10:32:26+02:00 [[35mdebug[39m]: Authentication state saved successfully
2026-09-08T10:32:26+02:00 [[32minfo[39m]: Authentication session state created successfully
2026-09-08T10:32:27+02:00 [[32minfo[39m]: Dashboard header state is visible
2026-09-08T10:32:27+02:00 [[32minfo[39m]: Upgrade button state is visible
2026-09-08T10:32:27+02:00 [[32minfo[39m]: User dropdown selector state is visible

[[ATTACHMENT|../all-blob-reports/resources/f5c173b7975af18471c0f60c4d0c3e085b709773.png]]
]]>
</system-out>
</testcase>
</testsuite>
<testsuite name="layers/ui/login/Footer.spec.ts" timestamp="2026-09-08T08:34:06.145Z" hostname="chromium" tests="1" failures="0" skipped="0" time="2.448" errors="0">
<testcase name="Login | Footer › Should display complete footer with all elements" classname="layers/ui/login/Footer.spec.ts" time="2.448">
<system-out>
<![CDATA[2026-09-08T10:32:30+02:00 [[32minfo[39m]: Navigated to https://opensource-demo.orangehrmlive.com/web/index.php/auth/login
2026-09-08T10:32:30+02:00 [[32minfo[39m]: Footer Version Text state is visible
2026-09-08T10:32:30+02:00 [[32minfo[39m]: Footer Copyright Year state is visible
2026-09-08T10:32:30+02:00 [[32minfo[39m]: Footer Copyright Owner Link state is visible
2026-09-08T10:32:30+02:00 [[32minfo[39m]: Footer Rights Text state is visible
2026-09-08T10:32:30+02:00 [[32minfo[39m]: Footer Social Media Icons count is 4
2026-09-08T10:32:30+02:00 [[32minfo[39m]: Footer LinkedIn Icon state is visible
2026-09-08T10:32:30+02:00 [[32minfo[39m]: Footer Facebook Icon state is visible
2026-09-08T10:32:30+02:00 [[32minfo[39m]: Footer Twitter Icon state is visible
2026-09-08T10:32:30+02:00 [[32minfo[39m]: Footer YouTube Icon state is visible
2026-09-08T10:32:30+02:00 [[32minfo[39m]: Assertion Passed: Complete footer with all elements is displayed

[[ATTACHMENT|../all-blob-reports/resources/edcdee49e0626ffcb7fe8b0934e64aa801f21610.png]]
]]>
</system-out>
</testcase>
</testsuite>
<testsuite name="layers/ui/authentication/Authentication.setup.ts" timestamp="2026-09-08T08:34:06.145Z" hostname="setup-auth-state" tests="1" failures="0" skipped="0" time="6.304" errors="0">
<testcase name="Authenticates the user with valid credentials" classname="layers/ui/authentication/Authentication.setup.ts" time="6.304">
<system-out>
<![CDATA[2026-09-08T10:33:29+02:00 [[32minfo[39m]: Navigated to https://opensource-demo.orangehrmlive.com/web/index.php/auth/login
2026-09-08T10:33:30+02:00 [[32minfo[39m]: OrangeHRM Logo state is visible
2026-09-08T10:33:30+02:00 [[32minfo[39m]: Login Header state is visible
2026-09-08T10:33:30+02:00 [[32minfo[39m]: Username Input filled successfully with value: ********
2026-09-08T10:33:30+02:00 [[32minfo[39m]: Password Input filled successfully with value: ********
2026-09-08T10:33:30+02:00 [[32minfo[39m]: Clicked on Login Button
2026-09-08T10:33:30+02:00 [[32minfo[39m]: Invalid Credentials Alert state is hidden
2026-09-08T10:33:30+02:00 [[35mdebug[39m]: Authentication state saved successfully
2026-09-08T10:33:30+02:00 [[32minfo[39m]: Authentication session state created successfully
2026-09-08T10:33:31+02:00 [[32minfo[39m]: Dashboard header state is visible
2026-09-08T10:33:31+02:00 [[32minfo[39m]: Upgrade button state is visible
2026-09-08T10:33:31+02:00 [[32minfo[39m]: User dropdown selector state is visible

[[ATTACHMENT|../all-blob-reports/resources/767e49de09d8ecd96308402e293ad81cf40981eb.png]]
]]>
</system-out>
</testcase>
</testsuite>
<testsuite name="layers/ui/login/ValidLogin.spec.ts" timestamp="2026-09-08T08:34:06.145Z" hostname="chromium" tests="1" failures="0" skipped="0" time="6.387" errors="0">
<testcase name="Login | Valid Credentials › Should navigate to Dashboard on successful login" classname="layers/ui/login/ValidLogin.spec.ts" time="6.387">
<system-out>
<![CDATA[2026-09-08T10:33:35+02:00 [[32minfo[39m]: Navigated to https://opensource-demo.orangehrmlive.com/web/index.php/auth/login
2026-09-08T10:33:35+02:00 [[32minfo[39m]: Checked if URL contains: /auth/login
2026-09-08T10:33:35+02:00 [[33mwarn[39m]: Authentication session is stale; re-authenticating
2026-09-08T10:33:36+02:00 [[32minfo[39m]: Navigated to https://opensource-demo.orangehrmlive.com/web/index.php/auth/login
2026-09-08T10:33:37+02:00 [[32minfo[39m]: OrangeHRM Logo state is visible
2026-09-08T10:33:37+02:00 [[32minfo[39m]: Login Header state is visible
2026-09-08T10:33:37+02:00 [[32minfo[39m]: Username Input filled successfully with value: ********
2026-09-08T10:33:37+02:00 [[32minfo[39m]: Password Input filled successfully with value: ********
2026-09-08T10:33:37+02:00 [[32minfo[39m]: Clicked on Login Button
2026-09-08T10:33:37+02:00 [[32minfo[39m]: Invalid Credentials Alert state is hidden
2026-09-08T10:33:37+02:00 [[35mdebug[39m]: Authentication state saved successfully
2026-09-08T10:33:37+02:00 [[32minfo[39m]: Authentication session state created successfully
2026-09-08T10:33:38+02:00 [[32minfo[39m]: Dashboard menu item state is visible
2026-09-08T10:33:38+02:00 [[32minfo[39m]: Assertion Passed: User successfully logged in and Dashboard is Visible

[[ATTACHMENT|../all-blob-reports/resources/b3dfb5da12fea90290c1d097b8a380040a42c06b.png]]
]]>
</system-out>
</testcase>
</testsuite>
<testsuite name="layers/ui/authentication/Authentication.setup.ts" timestamp="2026-09-08T08:34:06.145Z" hostname="setup-auth-state" tests="1" failures="0" skipped="0" time="5.858" errors="0">
<testcase name="Authenticates the user with valid credentials" classname="layers/ui/authentication/Authentication.setup.ts" time="5.858">
<system-out>
<![CDATA[2026-09-08T10:33:28+02:00 [[32minfo[39m]: Navigated to https://opensource-demo.orangehrmlive.com/web/index.php/auth/login
2026-09-08T10:33:29+02:00 [[32minfo[39m]: OrangeHRM Logo state is visible
2026-09-08T10:33:29+02:00 [[32minfo[39m]: Login Header state is visible
2026-09-08T10:33:29+02:00 [[32minfo[39m]: Username Input filled successfully with value: ********
2026-09-08T10:33:29+02:00 [[32minfo[39m]: Password Input filled successfully with value: ********
2026-09-08T10:33:29+02:00 [[32minfo[39m]: Clicked on Login Button
2026-09-08T10:33:29+02:00 [[32minfo[39m]: Invalid Credentials Alert state is hidden
2026-09-08T10:33:29+02:00 [[35mdebug[39m]: Authentication state saved successfully
2026-09-08T10:33:29+02:00 [[32minfo[39m]: Authentication session state created successfully
2026-09-08T10:33:30+02:00 [[32minfo[39m]: Dashboard header state is visible
2026-09-08T10:33:30+02:00 [[32minfo[39m]: Upgrade button state is visible
2026-09-08T10:33:30+02:00 [[32minfo[39m]: User dropdown selector state is visible

[[ATTACHMENT|../all-blob-reports/resources/23bc6ad474d5ee1791e32a2eddad2189c97f00c3.png]]
]]>
</system-out>
</testcase>
</testsuite>
<testsuite name="layers/ui/login/ValidLogin.spec.ts" timestamp="2026-09-08T08:34:06.145Z" hostname="chromium" tests="1" failures="0" skipped="0" time="2.987" errors="0">
<testcase name="Login | Page Title › Should display page title correctly" classname="layers/ui/login/ValidLogin.spec.ts" time="2.987">
<system-out>
<![CDATA[2026-09-08T10:33:34+02:00 [[32minfo[39m]: Navigated to https://opensource-demo.orangehrmlive.com/web/index.php/auth/login
2026-09-08T10:33:34+02:00 [[32minfo[39m]: Retrieved page title
2026-09-08T10:33:34+02:00 [[32minfo[39m]: Verified: Page title 'OrangeHRM' matches expected 'OrangeHRM'
2026-09-08T10:33:34+02:00 [[32minfo[39m]: Assertion Passed: Page title is correctly displayed as "OrangeHRM"

[[ATTACHMENT|../all-blob-reports/resources/81048ab0749e4871894c6050727467c0868838ad.png]]
]]>
</system-out>
</testcase>
</testsuite>
<testsuite name="layers/ui/authentication/Authentication.setup.ts" timestamp="2026-09-08T08:34:06.145Z" hostname="setup-auth-state" tests="1" failures="0" skipped="0" time="5.025" errors="0">
<testcase name="Authenticates the user with valid credentials" classname="layers/ui/authentication/Authentication.setup.ts" time="5.025">
<system-out>
<![CDATA[2026-09-08T10:32:33+02:00 [[32minfo[39m]: Navigated to https://opensource-demo.orangehrmlive.com/web/index.php/auth/login
2026-09-08T10:32:33+02:00 [[32minfo[39m]: OrangeHRM Logo state is visible
2026-09-08T10:32:33+02:00 [[32minfo[39m]: Login Header state is visible
2026-09-08T10:32:33+02:00 [[32minfo[39m]: Username Input filled successfully with value: ********
2026-09-08T10:32:33+02:00 [[32minfo[39m]: Password Input filled successfully with value: ********
2026-09-08T10:32:33+02:00 [[32minfo[39m]: Clicked on Login Button
2026-09-08T10:32:34+02:00 [[32minfo[39m]: Invalid Credentials Alert state is hidden
2026-09-08T10:32:34+02:00 [[35mdebug[39m]: Authentication state saved successfully
2026-09-08T10:32:34+02:00 [[32minfo[39m]: Authentication session state created successfully
2026-09-08T10:32:35+02:00 [[32minfo[39m]: Dashboard header state is visible
2026-09-08T10:32:35+02:00 [[32minfo[39m]: Upgrade button state is visible
2026-09-08T10:32:35+02:00 [[32minfo[39m]: User dropdown selector state is visible

[[ATTACHMENT|../all-blob-reports/resources/a7ccd87e187e0740190d69dde36adbb1b58fd00c.png]]
]]>
</system-out>
</testcase>
</testsuite>
<testsuite name="layers/ui/menuItems/Dashboard.spec.ts" timestamp="2026-09-08T08:34:06.145Z" hostname="chromium" tests="1" failures="0" skipped="0" time="3.944" errors="0">
<testcase name="Dashboard | Default Landing Page › Should load the Dashboard as the default page after successful login" classname="layers/ui/menuItems/Dashboard.spec.ts" time="3.944">
<system-out>
<![CDATA[2026-09-08T10:32:39+02:00 [[32minfo[39m]: Navigated to https://opensource-demo.orangehrmlive.com/web/index.php/auth/login
2026-09-08T10:32:39+02:00 [[32minfo[39m]: Class "active" found on element
2026-09-08T10:32:39+02:00 [[32minfo[39m]: Verified: Dashboard is the default page with URL: /dashboard\/index/
2026-09-08T10:32:39+02:00 [[32minfo[39m]: Assertion Passed: Dashboard is loaded as the default page with the correct URL and active menu state

[[ATTACHMENT|../all-blob-reports/resources/561f3efc03e733c5f396a8284799c957df96f07e.png]]
]]>
</system-out>
</testcase>
</testsuite>
</testsuites>