<testsuites id="" name="" tests="8" failures="0" skipped="0" errors="0" time="30.66310009765625">
<testsuite name="layers/ui/authentication/Authentication.setup.ts" timestamp="2026-07-13T06:51:01.181Z" hostname="setup-auth-state" tests="1" failures="0" skipped="0" time="5.961" errors="0">
<testcase name="Authenticates the user with valid credentials" classname="layers/ui/authentication/Authentication.setup.ts" time="5.961">
<system-out>
<![CDATA[2026-07-13T08:50:32+02:00 [[32minfo[39m]: Navigated to https://opensource-demo.orangehrmlive.com/web/index.php/auth/login
2026-07-13T08:50:33+02:00 [[32minfo[39m]: OrangeHRM Logo state is visible
2026-07-13T08:50:33+02:00 [[32minfo[39m]: Login Header state is visible
2026-07-13T08:50:33+02:00 [[32minfo[39m]: Username Input filled successfully with value: ********
2026-07-13T08:50:33+02:00 [[32minfo[39m]: Password Input filled successfully with value: ********
2026-07-13T08:50:33+02:00 [[32minfo[39m]: Clicked on Login Button
2026-07-13T08:50:33+02:00 [[32minfo[39m]: Invalid Credentials Alert state is hidden
2026-07-13T08:50:33+02:00 [[35mdebug[39m]: Authentication state saved successfully
2026-07-13T08:50:33+02:00 [[32minfo[39m]: Authentication session state created successfully
2026-07-13T08:50:35+02:00 [[32minfo[39m]: Dashboard header state is visible
2026-07-13T08:50:35+02:00 [[32minfo[39m]: Upgrade button state is visible
2026-07-13T08:50:35+02:00 [[32minfo[39m]: User dropdown selector state is visible

[[ATTACHMENT|../all-blob-reports/resources/438caf12bbf186110c4b2804597864d9bf17b548.png]]
]]>
</system-out>
</testcase>
</testsuite>
<testsuite name="layers/ui/login/Footer.spec.ts" timestamp="2026-07-13T06:51:01.181Z" hostname="chromium" tests="1" failures="0" skipped="0" time="3.35" errors="0">
<testcase name="Login | Footer › Should display complete footer with all elements" classname="layers/ui/login/Footer.spec.ts" time="3.35">
<system-out>
<![CDATA[2026-07-13T08:50:38+02:00 [[32minfo[39m]: Navigated to https://opensource-demo.orangehrmlive.com/web/index.php/auth/login
2026-07-13T08:50:39+02:00 [[32minfo[39m]: Footer Version Text state is visible
2026-07-13T08:50:39+02:00 [[32minfo[39m]: Footer Copyright Year state is visible
2026-07-13T08:50:39+02:00 [[32minfo[39m]: Footer Copyright Owner Link state is visible
2026-07-13T08:50:39+02:00 [[32minfo[39m]: Footer Rights Text state is visible
2026-07-13T08:50:39+02:00 [[32minfo[39m]: Footer Social Media Icons count is 4
2026-07-13T08:50:39+02:00 [[32minfo[39m]: Footer LinkedIn Icon state is visible
2026-07-13T08:50:39+02:00 [[32minfo[39m]: Footer Facebook Icon state is visible
2026-07-13T08:50:39+02:00 [[32minfo[39m]: Footer Twitter Icon state is visible
2026-07-13T08:50:39+02:00 [[32minfo[39m]: Footer YouTube Icon state is visible
2026-07-13T08:50:39+02:00 [[32minfo[39m]: Assertion Passed: Complete footer with all elements is displayed

[[ATTACHMENT|../all-blob-reports/resources/f90196338c507063b29e2c397cfb22774faa39c9.png]]
]]>
</system-out>
</testcase>
</testsuite>
<testsuite name="layers/ui/authentication/Authentication.setup.ts" timestamp="2026-07-13T06:51:01.181Z" hostname="setup-auth-state" tests="1" failures="0" skipped="0" time="7.257" errors="0">
<testcase name="Authenticates the user with valid credentials" classname="layers/ui/authentication/Authentication.setup.ts" time="7.257">
<system-out>
<![CDATA[2026-07-13T08:50:33+02:00 [[32minfo[39m]: Navigated to https://opensource-demo.orangehrmlive.com/web/index.php/auth/login
2026-07-13T08:50:33+02:00 [[32minfo[39m]: OrangeHRM Logo state is visible
2026-07-13T08:50:33+02:00 [[32minfo[39m]: Login Header state is visible
2026-07-13T08:50:33+02:00 [[32minfo[39m]: Username Input filled successfully with value: ********
2026-07-13T08:50:33+02:00 [[32minfo[39m]: Password Input filled successfully with value: ********
2026-07-13T08:50:33+02:00 [[32minfo[39m]: Clicked on Login Button
2026-07-13T08:50:33+02:00 [[32minfo[39m]: Invalid Credentials Alert state is hidden
2026-07-13T08:50:34+02:00 [[35mdebug[39m]: Authentication state saved successfully
2026-07-13T08:50:34+02:00 [[32minfo[39m]: Authentication session state created successfully
2026-07-13T08:50:36+02:00 [[32minfo[39m]: Dashboard header state is visible
2026-07-13T08:50:36+02:00 [[32minfo[39m]: Upgrade button state is visible
2026-07-13T08:50:36+02:00 [[32minfo[39m]: User dropdown selector state is visible

[[ATTACHMENT|../all-blob-reports/resources/f7e907e8e3b3cecf193fb74a69bad8854f335863.png]]
]]>
</system-out>
</testcase>
</testsuite>
<testsuite name="layers/ui/login/ValidLogin.spec.ts" timestamp="2026-07-13T06:51:01.181Z" hostname="chromium" tests="1" failures="0" skipped="0" time="7.047" errors="0">
<testcase name="Login | Valid Credentials › Should navigate to Dashboard on successful login" classname="layers/ui/login/ValidLogin.spec.ts" time="7.047">
<system-out>
<![CDATA[2026-07-13T08:50:40+02:00 [[32minfo[39m]: Navigated to https://opensource-demo.orangehrmlive.com/web/index.php/auth/login
2026-07-13T08:50:40+02:00 [[32minfo[39m]: Checked if URL contains: /auth/login
2026-07-13T08:50:40+02:00 [[33mwarn[39m]: Authentication session is stale; re-authenticating
2026-07-13T08:50:41+02:00 [[32minfo[39m]: Navigated to https://opensource-demo.orangehrmlive.com/web/index.php/auth/login
2026-07-13T08:50:42+02:00 [[32minfo[39m]: OrangeHRM Logo state is visible
2026-07-13T08:50:42+02:00 [[32minfo[39m]: Login Header state is visible
2026-07-13T08:50:42+02:00 [[32minfo[39m]: Username Input filled successfully with value: ********
2026-07-13T08:50:42+02:00 [[32minfo[39m]: Password Input filled successfully with value: ********
2026-07-13T08:50:42+02:00 [[32minfo[39m]: Clicked on Login Button
2026-07-13T08:50:44+02:00 [[32minfo[39m]: Invalid Credentials Alert state is hidden
2026-07-13T08:50:44+02:00 [[35mdebug[39m]: Authentication state saved successfully
2026-07-13T08:50:44+02:00 [[32minfo[39m]: Authentication session state created successfully
2026-07-13T08:50:44+02:00 [[32minfo[39m]: Dashboard menu item state is visible
2026-07-13T08:50:44+02:00 [[32minfo[39m]: Assertion Passed: User successfully logged in and Dashboard is Visible

[[ATTACHMENT|../all-blob-reports/resources/a466f8d6ca0a0c029a4358416a3d583c4287f080.png]]
]]>
</system-out>
</testcase>
</testsuite>
<testsuite name="layers/ui/authentication/Authentication.setup.ts" timestamp="2026-07-13T06:51:01.181Z" hostname="setup-auth-state" tests="1" failures="0" skipped="0" time="5.367" errors="0">
<testcase name="Authenticates the user with valid credentials" classname="layers/ui/authentication/Authentication.setup.ts" time="5.367">
<system-out>
<![CDATA[2026-07-13T08:50:18+02:00 [[32minfo[39m]: Navigated to https://opensource-demo.orangehrmlive.com/web/index.php/auth/login
2026-07-13T08:50:18+02:00 [[32minfo[39m]: OrangeHRM Logo state is visible
2026-07-13T08:50:18+02:00 [[32minfo[39m]: Login Header state is visible
2026-07-13T08:50:18+02:00 [[32minfo[39m]: Username Input filled successfully with value: ********
2026-07-13T08:50:18+02:00 [[32minfo[39m]: Password Input filled successfully with value: ********
2026-07-13T08:50:18+02:00 [[32minfo[39m]: Clicked on Login Button
2026-07-13T08:50:19+02:00 [[32minfo[39m]: Invalid Credentials Alert state is hidden
2026-07-13T08:50:19+02:00 [[35mdebug[39m]: Authentication state saved successfully
2026-07-13T08:50:19+02:00 [[32minfo[39m]: Authentication session state created successfully
2026-07-13T08:50:20+02:00 [[32minfo[39m]: Dashboard header state is visible
2026-07-13T08:50:20+02:00 [[32minfo[39m]: Upgrade button state is visible
2026-07-13T08:50:20+02:00 [[32minfo[39m]: User dropdown selector state is visible

[[ATTACHMENT|../all-blob-reports/resources/f9f970159ec10375217d8d059b9dc979a177fa1b.png]]
]]>
</system-out>
</testcase>
</testsuite>
<testsuite name="layers/ui/login/ValidLogin.spec.ts" timestamp="2026-07-13T06:51:01.181Z" hostname="chromium" tests="1" failures="0" skipped="0" time="2.328" errors="0">
<testcase name="Login | Page Title › Should display page title correctly" classname="layers/ui/login/ValidLogin.spec.ts" time="2.328">
<system-out>
<![CDATA[2026-07-13T08:50:23+02:00 [[32minfo[39m]: Navigated to https://opensource-demo.orangehrmlive.com/web/index.php/auth/login
2026-07-13T08:50:23+02:00 [[32minfo[39m]: Retrieved page title
2026-07-13T08:50:23+02:00 [[32minfo[39m]: Verified: Page title 'OrangeHRM' matches expected 'OrangeHRM'
2026-07-13T08:50:23+02:00 [[32minfo[39m]: Assertion Passed: Page title is correctly displayed as "OrangeHRM"

[[ATTACHMENT|../all-blob-reports/resources/04b9a878964958e8e68bf5967bbbb626428b978e.png]]
]]>
</system-out>
</testcase>
</testsuite>
<testsuite name="layers/ui/authentication/Authentication.setup.ts" timestamp="2026-07-13T06:51:01.181Z" hostname="setup-auth-state" tests="1" failures="0" skipped="0" time="5.463" errors="0">
<testcase name="Authenticates the user with valid credentials" classname="layers/ui/authentication/Authentication.setup.ts" time="5.463">
<system-out>
<![CDATA[2026-07-13T08:50:18+02:00 [[32minfo[39m]: Navigated to https://opensource-demo.orangehrmlive.com/web/index.php/auth/login
2026-07-13T08:50:18+02:00 [[32minfo[39m]: OrangeHRM Logo state is visible
2026-07-13T08:50:18+02:00 [[32minfo[39m]: Login Header state is visible
2026-07-13T08:50:18+02:00 [[32minfo[39m]: Username Input filled successfully with value: ********
2026-07-13T08:50:18+02:00 [[32minfo[39m]: Password Input filled successfully with value: ********
2026-07-13T08:50:18+02:00 [[32minfo[39m]: Clicked on Login Button
2026-07-13T08:50:19+02:00 [[32minfo[39m]: Invalid Credentials Alert state is hidden
2026-07-13T08:50:19+02:00 [[35mdebug[39m]: Authentication state saved successfully
2026-07-13T08:50:19+02:00 [[32minfo[39m]: Authentication session state created successfully
2026-07-13T08:50:20+02:00 [[32minfo[39m]: Dashboard header state is visible
2026-07-13T08:50:20+02:00 [[32minfo[39m]: Upgrade button state is visible
2026-07-13T08:50:20+02:00 [[32minfo[39m]: User dropdown selector state is visible

[[ATTACHMENT|../all-blob-reports/resources/f0473858fd885cfc3573458d1518463cd3e8fcba.png]]
]]>
</system-out>
</testcase>
</testsuite>
<testsuite name="layers/ui/menuItems/Dashboard.spec.ts" timestamp="2026-07-13T06:51:01.181Z" hostname="chromium" tests="1" failures="0" skipped="0" time="3.996" errors="0">
<testcase name="Dashboard | Default Landing Page › Should load the Dashboard as the default page after successful login" classname="layers/ui/menuItems/Dashboard.spec.ts" time="3.996">
<system-out>
<![CDATA[2026-07-13T08:50:24+02:00 [[32minfo[39m]: Navigated to https://opensource-demo.orangehrmlive.com/web/index.php/auth/login
2026-07-13T08:50:25+02:00 [[32minfo[39m]: Class "active" found on element
2026-07-13T08:50:25+02:00 [[32minfo[39m]: Verified: Dashboard is the default page with URL: /dashboard\/index/
2026-07-13T08:50:25+02:00 [[32minfo[39m]: Assertion Passed: Dashboard is loaded as the default page with the correct URL and active menu state

[[ATTACHMENT|../all-blob-reports/resources/aac1039eac4240c53ea78239d387a0323befac1c.png]]
]]>
</system-out>
</testcase>
</testsuite>
</testsuites>