<testsuites id="" name="" tests="8" failures="0" skipped="0" errors="0" time="162.73016088867186">
<testsuite name="layers/ui/authentication/Authentication.setup.ts" timestamp="2026-06-24T08:28:32.320Z" hostname="setup-auth-state" tests="1" failures="0" skipped="0" time="4.279" errors="0">
<testcase name="Authenticates the user with valid credentials" classname="layers/ui/authentication/Authentication.setup.ts" time="4.279">
<system-out>
<![CDATA[2026-06-24T10:25:40+02:00 [[32minfo[39m]: Navigated to https://opensource-demo.orangehrmlive.com/web/index.php/auth/login
2026-06-24T10:25:41+02:00 [[32minfo[39m]: OrangeHRM Logo state is visible
2026-06-24T10:25:41+02:00 [[32minfo[39m]: Login Header state is visible
2026-06-24T10:25:41+02:00 [[32minfo[39m]: Username Input filled successfully with value: ********
2026-06-24T10:25:41+02:00 [[32minfo[39m]: Password Input filled successfully with value: ********
2026-06-24T10:25:41+02:00 [[32minfo[39m]: Clicked on Login Button
2026-06-24T10:25:42+02:00 [[32minfo[39m]: Invalid Credentials Alert state is hidden
2026-06-24T10:25:42+02:00 [[32minfo[39m]: Authentication session state created successfully
2026-06-24T10:25:42+02:00 [[32minfo[39m]: Dashboard header state is visible
2026-06-24T10:25:42+02:00 [[32minfo[39m]: Upgrade button state is visible
2026-06-24T10:25:42+02:00 [[32minfo[39m]: User dropdown selector state is visible

[[ATTACHMENT|../all-blob-reports/resources/d93cb6807a97db62331df7df2cbf09b6933e092e.png]]
]]>
</system-out>
</testcase>
</testsuite>
<testsuite name="layers/ui/login/Footer.spec.ts" timestamp="2026-06-24T08:28:32.320Z" hostname="chromium" tests="1" failures="0" skipped="0" time="2.564" errors="0">
<testcase name="Login | Footer › Should display complete footer with all elements" classname="layers/ui/login/Footer.spec.ts" time="2.564">
<system-out>
<![CDATA[2026-06-24T10:25:45+02:00 [[32minfo[39m]: Navigated to https://opensource-demo.orangehrmlive.com/web/index.php/auth/login
2026-06-24T10:25:46+02:00 [[32minfo[39m]: Footer Version Text state is visible
2026-06-24T10:25:46+02:00 [[32minfo[39m]: Footer Copyright Year state is visible
2026-06-24T10:25:46+02:00 [[32minfo[39m]: Footer Copyright Owner Link state is visible
2026-06-24T10:25:46+02:00 [[32minfo[39m]: Footer Rights Text state is visible
2026-06-24T10:25:46+02:00 [[32minfo[39m]: Footer Social Media Icons count is 4
2026-06-24T10:25:46+02:00 [[32minfo[39m]: Footer LinkedIn Icon state is visible
2026-06-24T10:25:46+02:00 [[32minfo[39m]: Footer Facebook Icon state is visible
2026-06-24T10:25:46+02:00 [[32minfo[39m]: Footer Twitter Icon state is visible
2026-06-24T10:25:46+02:00 [[32minfo[39m]: Footer YouTube Icon state is visible
2026-06-24T10:25:46+02:00 [[32minfo[39m]: Assertion Passed: Complete footer with all elements is displayed

[[ATTACHMENT|../all-blob-reports/resources/f7ff0c671d03444833c0d4cbbe2730a6579b4773.png]]
]]>
</system-out>
</testcase>
</testsuite>
<testsuite name="layers/ui/authentication/Authentication.setup.ts" timestamp="2026-06-24T08:28:32.320Z" hostname="setup-auth-state" tests="1" failures="0" skipped="0" time="4.631" errors="0">
<testcase name="Authenticates the user with valid credentials" classname="layers/ui/authentication/Authentication.setup.ts" time="4.631">
<system-out>
<![CDATA[2026-06-24T10:28:06+02:00 [[32minfo[39m]: Navigated to https://opensource-demo.orangehrmlive.com/web/index.php/auth/login
2026-06-24T10:28:06+02:00 [[32minfo[39m]: OrangeHRM Logo state is visible
2026-06-24T10:28:06+02:00 [[32minfo[39m]: Login Header state is visible
2026-06-24T10:28:06+02:00 [[32minfo[39m]: Username Input filled successfully with value: ********
2026-06-24T10:28:06+02:00 [[32minfo[39m]: Password Input filled successfully with value: ********
2026-06-24T10:28:06+02:00 [[32minfo[39m]: Clicked on Login Button
2026-06-24T10:28:08+02:00 [[32minfo[39m]: Invalid Credentials Alert state is hidden
2026-06-24T10:28:08+02:00 [[32minfo[39m]: Authentication session state created successfully
2026-06-24T10:28:08+02:00 [[32minfo[39m]: Dashboard header state is visible
2026-06-24T10:28:08+02:00 [[32minfo[39m]: Upgrade button state is visible
2026-06-24T10:28:08+02:00 [[32minfo[39m]: User dropdown selector state is visible

[[ATTACHMENT|../all-blob-reports/resources/c1b782e0a63a8a54c70426abcc2cf6f11fb2ae0f.png]]
]]>
</system-out>
</testcase>
</testsuite>
<testsuite name="layers/ui/login/ValidLogin.spec.ts" timestamp="2026-06-24T08:28:32.320Z" hostname="chromium" tests="1" failures="0" skipped="0" time="3.202" errors="0">
<testcase name="Login | Valid Credentials › Should navigate to Dashboard on successful login" classname="layers/ui/login/ValidLogin.spec.ts" time="3.202">
<system-out>
<![CDATA[2026-06-24T10:28:12+02:00 [[32minfo[39m]: Navigated to https://opensource-demo.orangehrmlive.com/web/index.php/auth/login
2026-06-24T10:28:12+02:00 [[32minfo[39m]: Checked if URL contains: /auth/login
2026-06-24T10:28:12+02:00 [[32minfo[39m]: Existing authentication session is still valid
2026-06-24T10:28:12+02:00 [[32minfo[39m]: Dashboard menu item state is visible
2026-06-24T10:28:12+02:00 [[32minfo[39m]: Assertion Passed: User successfully logged in and Dashboard is Visible

[[ATTACHMENT|../all-blob-reports/resources/d4d0676d8b2b4eada7852eba164bf0fc1abd8cb7.png]]
]]>
</system-out>
</testcase>
</testsuite>
<testsuite name="layers/ui/authentication/Authentication.setup.ts" timestamp="2026-06-24T08:28:32.320Z" hostname="setup-auth-state" tests="1" failures="0" skipped="0" time="4.485" errors="0">
<testcase name="Authenticates the user with valid credentials" classname="layers/ui/authentication/Authentication.setup.ts" time="4.485">
<system-out>
<![CDATA[2026-06-24T10:25:35+02:00 [[32minfo[39m]: Navigated to https://opensource-demo.orangehrmlive.com/web/index.php/auth/login
2026-06-24T10:25:35+02:00 [[32minfo[39m]: OrangeHRM Logo state is visible
2026-06-24T10:25:35+02:00 [[32minfo[39m]: Login Header state is visible
2026-06-24T10:25:35+02:00 [[32minfo[39m]: Username Input filled successfully with value: ********
2026-06-24T10:25:35+02:00 [[32minfo[39m]: Password Input filled successfully with value: ********
2026-06-24T10:25:35+02:00 [[32minfo[39m]: Clicked on Login Button
2026-06-24T10:25:36+02:00 [[32minfo[39m]: Invalid Credentials Alert state is hidden
2026-06-24T10:25:37+02:00 [[32minfo[39m]: Authentication session state created successfully
2026-06-24T10:25:37+02:00 [[32minfo[39m]: User dropdown selector state is visible
2026-06-24T10:25:37+02:00 [[32minfo[39m]: Dashboard header state is visible
2026-06-24T10:25:37+02:00 [[32minfo[39m]: Upgrade button state is visible

[[ATTACHMENT|../all-blob-reports/resources/28aa1cba654e909a5f8f3dda0d66212897f727b8.png]]
]]>
</system-out>
</testcase>
</testsuite>
<testsuite name="layers/ui/login/ValidLogin.spec.ts" timestamp="2026-06-24T08:28:32.320Z" hostname="chromium" tests="1" failures="0" skipped="0" time="2.346" errors="0">
<testcase name="Login | Page Title › Should display page title correctly" classname="layers/ui/login/ValidLogin.spec.ts" time="2.346">
<system-out>
<![CDATA[2026-06-24T10:25:40+02:00 [[32minfo[39m]: Navigated to https://opensource-demo.orangehrmlive.com/web/index.php/auth/login
2026-06-24T10:25:40+02:00 [[32minfo[39m]: Retrieved page title
2026-06-24T10:25:40+02:00 [[32minfo[39m]: Verified: Page title 'OrangeHRM' matches expected 'OrangeHRM'
2026-06-24T10:25:40+02:00 [[32minfo[39m]: Assertion Passed: Page title is correctly displayed as "OrangeHRM"

[[ATTACHMENT|../all-blob-reports/resources/fc208d9810cc61b190749edd9de3126433920c38.png]]
]]>
</system-out>
</testcase>
</testsuite>
<testsuite name="layers/ui/authentication/Authentication.setup.ts" timestamp="2026-06-24T08:28:32.320Z" hostname="setup-auth-state" tests="1" failures="0" skipped="0" time="12.375" errors="0">
<testcase name="Authenticates the user with valid credentials" classname="layers/ui/authentication/Authentication.setup.ts" time="12.375">
<system-out>
<![CDATA[2026-06-24T10:25:50+02:00 [[32minfo[39m]: Navigated to https://opensource-demo.orangehrmlive.com/web/index.php/auth/login
2026-06-24T10:25:51+02:00 [[32minfo[39m]: OrangeHRM Logo state is visible
2026-06-24T10:25:51+02:00 [[32minfo[39m]: Login Header state is visible
2026-06-24T10:25:51+02:00 [[32minfo[39m]: Username Input filled successfully with value: ********
2026-06-24T10:25:51+02:00 [[32minfo[39m]: Password Input filled successfully with value: ********
2026-06-24T10:25:51+02:00 [[32minfo[39m]: Clicked on Login Button
2026-06-24T10:25:53+02:00 [[32minfo[39m]: Invalid Credentials Alert state is hidden
2026-06-24T10:25:53+02:00 [[32minfo[39m]: Authentication session state created successfully
2026-06-24T10:25:54+02:00 [[32minfo[39m]: Dashboard header state is visible
2026-06-24T10:25:54+02:00 [[32minfo[39m]: Upgrade button state is visible
2026-06-24T10:25:54+02:00 [[32minfo[39m]: User dropdown selector state is visible

[[ATTACHMENT|../all-blob-reports/resources/6913719b24c992b75852e3493ba56b59326988fa.png]]
]]>
</system-out>
</testcase>
</testsuite>
<testsuite name="layers/ui/menuItems/Dashboard.spec.ts" timestamp="2026-06-24T08:28:32.320Z" hostname="chromium" tests="1" failures="0" skipped="0" time="4.201" errors="0">
<testcase name="Dashboard | Default Landing Page › Should load the Dashboard as the default page after successful login" classname="layers/ui/menuItems/Dashboard.spec.ts" time="4.201">
<system-out>
<![CDATA[2026-06-24T10:25:58+02:00 [[32minfo[39m]: Navigated to https://opensource-demo.orangehrmlive.com/web/index.php/auth/login
2026-06-24T10:25:58+02:00 [[32minfo[39m]: Class "active" found on element
2026-06-24T10:25:58+02:00 [[32minfo[39m]: Verified: Dashboard is the default page with URL: /dashboard\/index/
2026-06-24T10:25:58+02:00 [[32minfo[39m]: Assertion Passed: Dashboard is loaded as the default page with the correct URL and active menu state

[[ATTACHMENT|../all-blob-reports/resources/a27e9b3070443c5e568001bc62f257cc1f3a0697.png]]
]]>
</system-out>
</testcase>
</testsuite>
</testsuites>