<testsuites id="" name="" tests="8" failures="1" skipped="0" errors="0" time="340.7789418945313">
<testsuite name="layers/ui/authentication/Authentication.setup.ts" timestamp="2026-09-20T09:45:41.820Z" hostname="setup-auth-state" tests="1" failures="0" skipped="0" time="5.506" errors="0">
<testcase name="Authenticates the user with valid credentials" classname="layers/ui/authentication/Authentication.setup.ts" time="5.506">
<system-out>
<![CDATA[2026-09-20T11:40:19+02:00 [[32minfo[39m]: Navigated to https://opensource-demo.orangehrmlive.com/web/index.php/auth/login
2026-09-20T11:40:20+02:00 [[32minfo[39m]: OrangeHRM Logo state is visible
2026-09-20T11:40:20+02:00 [[32minfo[39m]: Login Header state is visible
2026-09-20T11:40:20+02:00 [[32minfo[39m]: Username Input filled successfully with value: ********
2026-09-20T11:40:20+02:00 [[32minfo[39m]: Password Input filled successfully with value: ********
2026-09-20T11:40:20+02:00 [[32minfo[39m]: Clicked on Login Button
2026-09-20T11:40:20+02:00 [[32minfo[39m]: Invalid Credentials Alert state is hidden
2026-09-20T11:40:20+02:00 [[32minfo[39m]: Authentication session state created successfully
2026-09-20T11:40:21+02:00 [[32minfo[39m]: Dashboard header state is visible
2026-09-20T11:40:21+02:00 [[32minfo[39m]: Upgrade button state is visible
2026-09-20T11:40:21+02:00 [[32minfo[39m]: User dropdown selector state is visible

[[ATTACHMENT|../all-blob-reports/resources/55b2701cbbfcd12a2fb50e1b64061080e03f9a81.png]]
]]>
</system-out>
</testcase>
</testsuite>
<testsuite name="layers/ui/login/Footer.spec.ts" timestamp="2026-09-20T09:45:41.820Z" hostname="chromium" tests="1" failures="0" skipped="0" time="2.977" errors="0">
<testcase name="Login | Footer › Should display complete footer with all elements" classname="layers/ui/login/Footer.spec.ts" time="2.977">
<system-out>
<![CDATA[2026-09-20T11:40:25+02:00 [[32minfo[39m]: Navigated to https://opensource-demo.orangehrmlive.com/web/index.php/auth/login
2026-09-20T11:40:25+02:00 [[32minfo[39m]: Footer Version Text state is visible
2026-09-20T11:40:25+02:00 [[32minfo[39m]: Footer Copyright Year state is visible
2026-09-20T11:40:25+02:00 [[32minfo[39m]: Footer Copyright Owner Link state is visible
2026-09-20T11:40:25+02:00 [[32minfo[39m]: Footer Rights Text state is visible
2026-09-20T11:40:25+02:00 [[32minfo[39m]: Footer Social Media Icons count is 4
2026-09-20T11:40:25+02:00 [[32minfo[39m]: Footer LinkedIn Icon state is visible
2026-09-20T11:40:25+02:00 [[32minfo[39m]: Footer Facebook Icon state is visible
2026-09-20T11:40:25+02:00 [[32minfo[39m]: Footer Twitter Icon state is visible
2026-09-20T11:40:25+02:00 [[32minfo[39m]: Footer YouTube Icon state is visible
2026-09-20T11:40:25+02:00 [[32minfo[39m]: Assertion Passed: Complete footer with all elements is displayed

[[ATTACHMENT|../all-blob-reports/resources/31a3474317427a9b99c6fed472a9f14999b3ddad.png]]
]]>
</system-out>
</testcase>
</testsuite>
<testsuite name="layers/ui/authentication/Authentication.setup.ts" timestamp="2026-09-20T09:45:41.820Z" hostname="setup-auth-state" tests="1" failures="0" skipped="0" time="5.036" errors="0">
<testcase name="Authenticates the user with valid credentials" classname="layers/ui/authentication/Authentication.setup.ts" time="5.036">
<system-out>
<![CDATA[2026-09-20T11:39:49+02:00 [[32minfo[39m]: Navigated to https://opensource-demo.orangehrmlive.com/web/index.php/auth/login
2026-09-20T11:39:49+02:00 [[32minfo[39m]: OrangeHRM Logo state is visible
2026-09-20T11:39:49+02:00 [[32minfo[39m]: Login Header state is visible
2026-09-20T11:39:49+02:00 [[32minfo[39m]: Username Input filled successfully with value: ********
2026-09-20T11:39:49+02:00 [[32minfo[39m]: Password Input filled successfully with value: ********
2026-09-20T11:39:49+02:00 [[32minfo[39m]: Clicked on Login Button
2026-09-20T11:39:50+02:00 [[32minfo[39m]: Invalid Credentials Alert state is hidden
2026-09-20T11:39:50+02:00 [[32minfo[39m]: Authentication session state created successfully
2026-09-20T11:39:51+02:00 [[32minfo[39m]: Dashboard header state is visible
2026-09-20T11:39:51+02:00 [[32minfo[39m]: Upgrade button state is visible
2026-09-20T11:39:51+02:00 [[32minfo[39m]: User dropdown selector state is visible

[[ATTACHMENT|../all-blob-reports/resources/b0a2cfa60eb1386b61408cc879002cd6bef7fce2.png]]
]]>
</system-out>
</testcase>
</testsuite>
<testsuite name="layers/ui/login/ValidLogin.spec.ts" timestamp="2026-09-20T09:45:41.820Z" hostname="chromium" tests="1" failures="0" skipped="0" time="3.366" errors="0">
<testcase name="Login | Valid Credentials › Should navigate to Dashboard on successful login" classname="layers/ui/login/ValidLogin.spec.ts" time="3.366">
<system-out>
<![CDATA[2026-09-20T11:39:54+02:00 [[32minfo[39m]: Navigated to https://opensource-demo.orangehrmlive.com/web/index.php/auth/login
2026-09-20T11:39:54+02:00 [[32minfo[39m]: Checked if URL contains: /auth/login
2026-09-20T11:39:54+02:00 [[32minfo[39m]: Existing authentication session is still valid
2026-09-20T11:39:55+02:00 [[32minfo[39m]: Dashboard menu item state is visible
2026-09-20T11:39:55+02:00 [[32minfo[39m]: Assertion Passed: User successfully logged in and Dashboard is Visible

[[ATTACHMENT|../all-blob-reports/resources/ec1af9b3b9a5a0811a2a044d219d9535a044c374.png]]
]]>
</system-out>
</testcase>
</testsuite>
<testsuite name="layers/ui/authentication/Authentication.setup.ts" timestamp="2026-09-20T09:45:41.820Z" hostname="setup-auth-state" tests="1" failures="0" skipped="0" time="4.569" errors="0">
<testcase name="Authenticates the user with valid credentials" classname="layers/ui/authentication/Authentication.setup.ts" time="4.569">
<system-out>
<![CDATA[2026-09-20T11:39:39+02:00 [[32minfo[39m]: Navigated to https://opensource-demo.orangehrmlive.com/web/index.php/auth/login
2026-09-20T11:39:40+02:00 [[32minfo[39m]: OrangeHRM Logo state is visible
2026-09-20T11:39:40+02:00 [[32minfo[39m]: Login Header state is visible
2026-09-20T11:39:40+02:00 [[32minfo[39m]: Username Input filled successfully with value: ********
2026-09-20T11:39:40+02:00 [[32minfo[39m]: Password Input filled successfully with value: ********
2026-09-20T11:39:40+02:00 [[32minfo[39m]: Clicked on Login Button
2026-09-20T11:39:41+02:00 [[32minfo[39m]: Invalid Credentials Alert state is hidden
2026-09-20T11:39:41+02:00 [[32minfo[39m]: Authentication session state created successfully
2026-09-20T11:39:41+02:00 [[32minfo[39m]: Dashboard header state is visible
2026-09-20T11:39:41+02:00 [[32minfo[39m]: Upgrade button state is visible
2026-09-20T11:39:41+02:00 [[32minfo[39m]: User dropdown selector state is visible

[[ATTACHMENT|../all-blob-reports/resources/aa5d93c061564a2769cb63e88bd22d600b66781d.png]]
]]>
</system-out>
</testcase>
</testsuite>
<testsuite name="layers/ui/login/ValidLogin.spec.ts" timestamp="2026-09-20T09:45:41.820Z" hostname="chromium" tests="1" failures="0" skipped="0" time="2.348" errors="0">
<testcase name="Login | Page Title › Should display page title correctly" classname="layers/ui/login/ValidLogin.spec.ts" time="2.348">
<system-out>
<![CDATA[2026-09-20T11:39:44+02:00 [[32minfo[39m]: Navigated to https://opensource-demo.orangehrmlive.com/web/index.php/auth/login
2026-09-20T11:39:44+02:00 [[32minfo[39m]: Retrieved page title
2026-09-20T11:39:45+02:00 [[32minfo[39m]: Verified: Page title 'OrangeHRM' matches expected 'OrangeHRM'
2026-09-20T11:39:45+02:00 [[32minfo[39m]: Assertion Passed: Page title is correctly displayed as "OrangeHRM"

[[ATTACHMENT|../all-blob-reports/resources/6df22ed11960903b3905ad40076dbfd77d83fd99.png]]
]]>
</system-out>
</testcase>
</testsuite>
<testsuite name="layers/ui/authentication/Authentication.setup.ts" timestamp="2026-09-20T09:45:41.820Z" hostname="setup-auth-state" tests="1" failures="0" skipped="0" time="5.414" errors="0">
<testcase name="Authenticates the user with valid credentials" classname="layers/ui/authentication/Authentication.setup.ts" time="5.414">
<system-out>
<![CDATA[2026-09-20T11:40:02+02:00 [[32minfo[39m]: Navigated to https://opensource-demo.orangehrmlive.com/web/index.php/auth/login
2026-09-20T11:40:03+02:00 [[32minfo[39m]: OrangeHRM Logo state is visible
2026-09-20T11:40:03+02:00 [[32minfo[39m]: Login Header state is visible
2026-09-20T11:40:03+02:00 [[32minfo[39m]: Username Input filled successfully with value: ********
2026-09-20T11:40:03+02:00 [[32minfo[39m]: Password Input filled successfully with value: ********
2026-09-20T11:40:03+02:00 [[32minfo[39m]: Clicked on Login Button
2026-09-20T11:40:03+02:00 [[32minfo[39m]: Invalid Credentials Alert state is hidden
2026-09-20T11:40:03+02:00 [[32minfo[39m]: Authentication session state created successfully
2026-09-20T11:40:04+02:00 [[32minfo[39m]: Dashboard header state is visible
2026-09-20T11:40:04+02:00 [[32minfo[39m]: Upgrade button state is visible
2026-09-20T11:40:04+02:00 [[32minfo[39m]: User dropdown selector state is visible

[[ATTACHMENT|../all-blob-reports/resources/47c7ddf39cedd45e670004912fc11a794bd60f02.png]]
]]>
</system-out>
</testcase>
</testsuite>
<testsuite name="layers/ui/menuItems/Dashboard.spec.ts" timestamp="2026-09-20T09:45:41.820Z" hostname="chromium" tests="1" failures="1" skipped="0" time="308.951" errors="0">
<testcase name="Dashboard | Default Landing Page › Should load the Dashboard as the default page after successful login" classname="layers/ui/menuItems/Dashboard.spec.ts" time="308.951">
<system-out>
<![CDATA[2026-09-20T11:40:08+02:00 [[32minfo[39m]: Navigated to https://opensource-demo.orangehrmlive.com/web/index.php/auth/login

[[ATTACHMENT|../all-blob-reports/resources/a6a17abecac1c5602f26100580c603382aff8222.png]]

[[ATTACHMENT|../all-blob-reports/resources/865749bc5967d80bd283b2afab156ca236e6e966.webm]]

[[ATTACHMENT|../all-blob-reports/resources/b52cfca5acb1e4e2b866ccc6ef235f1609e422b7.markdown]]

[[ATTACHMENT|../all-blob-reports/resources/3a0c409eb249fb1fdd988b30331ebb6ea292237e.zip]]
2026-09-20T11:41:52+02:00 [[32minfo[39m]: Navigated to https://opensource-demo.orangehrmlive.com/web/index.php/auth/login

[[ATTACHMENT|../all-blob-reports/resources/f08336f97c5dbdee17230a99fdec8c5ceae164ff.png]]

[[ATTACHMENT|../all-blob-reports/resources/eabf03079135e09d7e4b5b4c0fbc5c0e7beadce6.webm]]

[[ATTACHMENT|../all-blob-reports/resources/92789e81180ca570a19905c097d3afd30723cb28.markdown]]

[[ATTACHMENT|../all-blob-reports/resources/cf7e845ec48092f43484dcaa40ddf2bee44aa4ea.zip]]
2026-09-20T11:43:36+02:00 [[32minfo[39m]: Navigated to https://opensource-demo.orangehrmlive.com/web/index.php/auth/login

[[ATTACHMENT|../all-blob-reports/resources/bd3aa0d24e6f185072a30ee85d917a9843c840d7.png]]

[[ATTACHMENT|../all-blob-reports/resources/f88aa5f94605b99ff6eb3b1d409c9e9225056da7.webm]]

[[ATTACHMENT|../all-blob-reports/resources/4d77f9ea222f420630b7f5497b3e1b3b9e05a088.markdown]]

[[ATTACHMENT|../all-blob-reports/resources/c882924274ac11b73260e4850c2f2528d20c863f.zip]]
]]>
</system-out>
<failure message="expect(page).toHaveURL(expected) failed" type="expect.toHaveURL">
<![CDATA[  [chromium] › layers/ui/menuItems/Dashboard.spec.ts:12:9 › Dashboard | Default Landing Page › Should load the Dashboard as the default page after successful login @regression @sanity @dashboard 

    Error: expect(page).toHaveURL(expected) failed

    Expected pattern: /dashboard\/index/
    Received string:  "https://opensource-demo.orangehrmlive.com/web/index.php/auth/login"
    Timeout: 100000ms

    Call log:
      - Expect "toHaveURL" with timeout 100000ms
        203 × unexpected value "https://opensource-demo.orangehrmlive.com/web/index.php/auth/login"


       at ../src/layers/ui/pages/orangeHrm/menuItems/dashboardPage.ts:47

      45 |     const { expectedUrl, classAttribute } = options;
      46 |
    > 47 |     await expect(this.page).toHaveURL(expectedUrl);
         |                             ^
      48 |
      49 |     const isDashboardActive = await this.elementAssertions.hasClass(
      50 |       this.dashboardMenuItemLink,
        at DashboardPage.verifyDashboardIsDefaultPage (/home/runner/work/orangehrm-ui-automation-framework/orangehrm-ui-automation-framework/src/layers/ui/pages/orangeHrm/menuItems/dashboardPage.ts:47:29)
        at /home/runner/work/orangehrm-ui-automation-framework/orangehrm-ui-automation-framework/tests/layers/ui/menuItems/Dashboard.spec.ts:15:27

    attachment #1: screenshot (image/png) ──────────────────────────────────────────────────────────
    ../all-blob-reports/resources/a6a17abecac1c5602f26100580c603382aff8222.png
    ────────────────────────────────────────────────────────────────────────────────────────────────

    attachment #2: video (video/webm) ──────────────────────────────────────────────────────────────
    ../all-blob-reports/resources/865749bc5967d80bd283b2afab156ca236e6e966.webm
    ────────────────────────────────────────────────────────────────────────────────────────────────

    Error Context: ../all-blob-reports/resources/b52cfca5acb1e4e2b866ccc6ef235f1609e422b7.markdown

    attachment #4: trace (application/zip) ─────────────────────────────────────────────────────────
    ../all-blob-reports/resources/3a0c409eb249fb1fdd988b30331ebb6ea292237e.zip
    Usage:

        npx playwright show-trace ../all-blob-reports/resources/3a0c409eb249fb1fdd988b30331ebb6ea292237e.zip

    ────────────────────────────────────────────────────────────────────────────────────────────────

    Retry #1 ───────────────────────────────────────────────────────────────────────────────────────

    Error: expect(page).toHaveURL(expected) failed

    Expected pattern: /dashboard\/index/
    Received string:  "https://opensource-demo.orangehrmlive.com/web/index.php/auth/login"
    Timeout: 100000ms

    Call log:
      - Expect "toHaveURL" with timeout 100000ms
        203 × unexpected value "https://opensource-demo.orangehrmlive.com/web/index.php/auth/login"


       at ../src/layers/ui/pages/orangeHrm/menuItems/dashboardPage.ts:47

      45 |     const { expectedUrl, classAttribute } = options;
      46 |
    > 47 |     await expect(this.page).toHaveURL(expectedUrl);
         |                             ^
      48 |
      49 |     const isDashboardActive = await this.elementAssertions.hasClass(
      50 |       this.dashboardMenuItemLink,
        at DashboardPage.verifyDashboardIsDefaultPage (/home/runner/work/orangehrm-ui-automation-framework/orangehrm-ui-automation-framework/src/layers/ui/pages/orangeHrm/menuItems/dashboardPage.ts:47:29)
        at /home/runner/work/orangehrm-ui-automation-framework/orangehrm-ui-automation-framework/tests/layers/ui/menuItems/Dashboard.spec.ts:15:27

    attachment #1: screenshot (image/png) ──────────────────────────────────────────────────────────
    ../all-blob-reports/resources/f08336f97c5dbdee17230a99fdec8c5ceae164ff.png
    ────────────────────────────────────────────────────────────────────────────────────────────────

    attachment #2: video (video/webm) ──────────────────────────────────────────────────────────────
    ../all-blob-reports/resources/eabf03079135e09d7e4b5b4c0fbc5c0e7beadce6.webm
    ────────────────────────────────────────────────────────────────────────────────────────────────

    Error Context: ../all-blob-reports/resources/92789e81180ca570a19905c097d3afd30723cb28.markdown

    attachment #4: trace (application/zip) ─────────────────────────────────────────────────────────
    ../all-blob-reports/resources/cf7e845ec48092f43484dcaa40ddf2bee44aa4ea.zip
    Usage:

        npx playwright show-trace ../all-blob-reports/resources/cf7e845ec48092f43484dcaa40ddf2bee44aa4ea.zip

    ────────────────────────────────────────────────────────────────────────────────────────────────

    Retry #2 ───────────────────────────────────────────────────────────────────────────────────────

    Error: expect(page).toHaveURL(expected) failed

    Expected pattern: /dashboard\/index/
    Received string:  "https://opensource-demo.orangehrmlive.com/web/index.php/auth/login"
    Timeout: 100000ms

    Call log:
      - Expect "toHaveURL" with timeout 100000ms
        203 × unexpected value "https://opensource-demo.orangehrmlive.com/web/index.php/auth/login"


       at ../src/layers/ui/pages/orangeHrm/menuItems/dashboardPage.ts:47

      45 |     const { expectedUrl, classAttribute } = options;
      46 |
    > 47 |     await expect(this.page).toHaveURL(expectedUrl);
         |                             ^
      48 |
      49 |     const isDashboardActive = await this.elementAssertions.hasClass(
      50 |       this.dashboardMenuItemLink,
        at DashboardPage.verifyDashboardIsDefaultPage (/home/runner/work/orangehrm-ui-automation-framework/orangehrm-ui-automation-framework/src/layers/ui/pages/orangeHrm/menuItems/dashboardPage.ts:47:29)
        at /home/runner/work/orangehrm-ui-automation-framework/orangehrm-ui-automation-framework/tests/layers/ui/menuItems/Dashboard.spec.ts:15:27

    attachment #1: screenshot (image/png) ──────────────────────────────────────────────────────────
    ../all-blob-reports/resources/bd3aa0d24e6f185072a30ee85d917a9843c840d7.png
    ────────────────────────────────────────────────────────────────────────────────────────────────

    attachment #2: video (video/webm) ──────────────────────────────────────────────────────────────
    ../all-blob-reports/resources/f88aa5f94605b99ff6eb3b1d409c9e9225056da7.webm
    ────────────────────────────────────────────────────────────────────────────────────────────────

    Error Context: ../all-blob-reports/resources/4d77f9ea222f420630b7f5497b3e1b3b9e05a088.markdown

    attachment #4: trace (application/zip) ─────────────────────────────────────────────────────────
    ../all-blob-reports/resources/c882924274ac11b73260e4850c2f2528d20c863f.zip
    Usage:

        npx playwright show-trace ../all-blob-reports/resources/c882924274ac11b73260e4850c2f2528d20c863f.zip

    ────────────────────────────────────────────────────────────────────────────────────────────────
]]>
</failure>
</testcase>
</testsuite>
</testsuites>